[rosmaster.main][INFO] 2023-06-29 19:23:04,602: initialization complete, waiting for shutdown
[rosmaster.main][INFO] 2023-06-29 19:23:04,603: Starting ROS Master Node
[xmlrpc][INFO] 2023-06-29 19:23:04,606: XML-RPC server binding to 0.0.0.0:11311
[xmlrpc][INFO] 2023-06-29 19:23:04,607: Started XML-RPC server [http://233a52f6384a:11311/]
[rosmaster.master][INFO] 2023-06-29 19:23:04,607: Master initialized: port[11311], uri[http://233a52f6384a:11311/]
[xmlrpc][INFO] 2023-06-29 19:23:04,607: xml rpc node: starting XML-RPC server
[rosmaster.master][INFO] 2023-06-29 19:23:04,648: +PARAM [/run_id] by /roslaunch
[rosmaster.master][INFO] 2023-06-29 19:23:04,649: +PARAM [/roslaunch/uris/host_233a52f6384a__36285] by /roslaunch
[rosmaster.master][INFO] 2023-06-29 19:23:04,689: +PARAM [/rosversion] by /roslaunch
[rosmaster.master][INFO] 2023-06-29 19:23:04,690: +PARAM [/rosdistro] by /roslaunch
[rosmaster.master][INFO] 2023-06-29 19:23:04,690: +PARAM [/use_sim_time] by /roslaunch
[rosmaster.master][INFO] 2023-06-29 19:23:04,690: +PARAM [/gazebo/enable_ros_network] by /roslaunch
[rosmaster.master][INFO] 2023-06-29 19:23:04,690: +PARAM [/robot_description] by /roslaunch
[rosmaster.master][INFO] 2023-06-29 19:23:04,691: +PARAM [/robot_state_publisher/publish_frequency] by /roslaunch
[rosmaster.master][INFO] 2023-06-29 19:23:04,691: +PARAM [/robot_state_publisher/tf_prefix] by /roslaunch
[rosmaster.master][INFO] 2023-06-29 19:23:04,691: +PARAM [/turtlebot3_slam_gmapping/map_update_interval] by /roslaunch
[rosmaster.master][INFO] 2023-06-29 19:23:04,691: +PARAM [/turtlebot3_slam_gmapping/maxUrange] by /roslaunch
[rosmaster.master][INFO] 2023-06-29 19:23:04,692: +PARAM [/turtlebot3_slam_gmapping/sigma] by /roslaunch
[rosmaster.master][INFO] 2023-06-29 19:23:04,692: +PARAM [/turtlebot3_slam_gmapping/kernelSize] by /roslaunch
[rosmaster.master][INFO] 2023-06-29 19:23:04,692: +PARAM [/turtlebot3_slam_gmapping/lstep] by /roslaunch
[rosmaster.master][INFO] 2023-06-29 19:23:04,692: +PARAM [/turtlebot3_slam_gmapping/astep] by /roslaunch
[rosmaster.master][INFO] 2023-06-29 19:23:04,692: +PARAM [/turtlebot3_slam_gmapping/iterations] by /roslaunch
[rosmaster.master][INFO] 2023-06-29 19:23:04,692: +PARAM [/turtlebot3_slam_gmapping/lsigma] by /roslaunch
[rosmaster.master][INFO] 2023-06-29 19:23:04,692: +PARAM [/turtlebot3_slam_gmapping/ogain] by /roslaunch
[rosmaster.master][INFO] 2023-06-29 19:23:04,693: +PARAM [/turtlebot3_slam_gmapping/lskip] by /roslaunch
[rosmaster.master][INFO] 2023-06-29 19:23:04,693: +PARAM [/turtlebot3_slam_gmapping/minimumScore] by /roslaunch
[rosmaster.master][INFO] 2023-06-29 19:23:04,693: +PARAM [/turtlebot3_slam_gmapping/srr] by /roslaunch
[rosmaster.master][INFO] 2023-06-29 19:23:04,693: +PARAM [/turtlebot3_slam_gmapping/srt] by /roslaunch
[rosmaster.master][INFO] 2023-06-29 19:23:04,693: +PARAM [/turtlebot3_slam_gmapping/str] by /roslaunch
[rosmaster.master][INFO] 2023-06-29 19:23:04,693: +PARAM [/turtlebot3_slam_gmapping/stt] by /roslaunch
[rosmaster.master][INFO] 2023-06-29 19:23:04,693: +PARAM [/turtlebot3_slam_gmapping/linearUpdate] by /roslaunch
[rosmaster.master][INFO] 2023-06-29 19:23:04,694: +PARAM [/turtlebot3_slam_gmapping/angularUpdate] by /roslaunch
[rosmaster.master][INFO] 2023-06-29 19:23:04,694: +PARAM [/turtlebot3_slam_gmapping/temporalUpdate] by /roslaunch
[rosmaster.master][INFO] 2023-06-29 19:23:04,694: +PARAM [/turtlebot3_slam_gmapping/resampleThreshold] by /roslaunch
[rosmaster.master][INFO] 2023-06-29 19:23:04,694: +PARAM [/turtlebot3_slam_gmapping/particles] by /roslaunch
[rosmaster.master][INFO] 2023-06-29 19:23:04,694: +PARAM [/turtlebot3_slam_gmapping/xmin] by /roslaunch
[rosmaster.master][INFO] 2023-06-29 19:23:04,694: +PARAM [/turtlebot3_slam_gmapping/ymin] by /roslaunch
[rosmaster.master][INFO] 2023-06-29 19:23:04,695: +PARAM [/turtlebot3_slam_gmapping/xmax] by /roslaunch
[rosmaster.master][INFO] 2023-06-29 19:23:04,695: +PARAM [/turtlebot3_slam_gmapping/ymax] by /roslaunch
[rosmaster.master][INFO] 2023-06-29 19:23:04,695: +PARAM [/turtlebot3_slam_gmapping/delta] by /roslaunch
[rosmaster.master][INFO] 2023-06-29 19:23:04,695: +PARAM [/turtlebot3_slam_gmapping/llsamplerange] by /roslaunch
[rosmaster.master][INFO] 2023-06-29 19:23:04,695: +PARAM [/turtlebot3_slam_gmapping/llsamplestep] by /roslaunch
[rosmaster.master][INFO] 2023-06-29 19:23:04,695: +PARAM [/turtlebot3_slam_gmapping/lasamplerange] by /roslaunch
[rosmaster.master][INFO] 2023-06-29 19:23:04,696: +PARAM [/turtlebot3_slam_gmapping/lasamplestep] by /roslaunch
[rosmaster.master][INFO] 2023-06-29 19:23:04,696: +PARAM [/turtlebot3_slam_gmapping/base_frame] by /roslaunch
[rosmaster.master][INFO] 2023-06-29 19:23:04,696: +PARAM [/turtlebot3_slam_gmapping/odom_frame] by /roslaunch
[rosmaster.master][INFO] 2023-06-29 19:23:04,696: +PARAM [/turtlebot3_slam_gmapping/map_frame] by /roslaunch
[rosmaster.master][INFO] 2023-06-29 19:23:04,696: +PARAM [/rosbridge_websocket/authenticate] by /roslaunch
[rosmaster.master][INFO] 2023-06-29 19:23:04,696: +PARAM [/rosbridge_websocket/port] by /roslaunch
[rosmaster.master][INFO] 2023-06-29 19:23:04,696: +PARAM [/rosbridge_websocket/address] by /roslaunch
[rosmaster.master][INFO] 2023-06-29 19:23:04,697: +PARAM [/rosbridge_websocket/retry_startup_delay] by /roslaunch
[rosmaster.master][INFO] 2023-06-29 19:23:04,697: +PARAM [/rosbridge_websocket/fragment_timeout] by /roslaunch
[rosmaster.master][INFO] 2023-06-29 19:23:04,697: +PARAM [/rosbridge_websocket/delay_between_messages] by /roslaunch
[rosmaster.master][INFO] 2023-06-29 19:23:04,697: +PARAM [/rosbridge_websocket/max_message_size] by /roslaunch
[rosmaster.master][INFO] 2023-06-29 19:23:04,697: +PARAM [/rosbridge_websocket/unregister_timeout] by /roslaunch
[rosmaster.master][INFO] 2023-06-29 19:23:04,697: +PARAM [/rosbridge_websocket/use_compression] by /roslaunch
[rosmaster.master][INFO] 2023-06-29 19:23:04,698: +PARAM [/rosbridge_websocket/websocket_ping_interval] by /roslaunch
[rosmaster.master][INFO] 2023-06-29 19:23:04,698: +PARAM [/rosbridge_websocket/websocket_ping_timeout] by /roslaunch
[rosmaster.master][INFO] 2023-06-29 19:23:04,699: +PARAM [/rosbridge_websocket/websocket_external_port] by /roslaunch
[rosmaster.master][INFO] 2023-06-29 19:23:04,699: +PARAM [/rosbridge_websocket/topics_glob] by /roslaunch
[rosmaster.master][INFO] 2023-06-29 19:23:04,699: +PARAM [/rosbridge_websocket/services_glob] by /roslaunch
[rosmaster.master][INFO] 2023-06-29 19:23:04,699: +PARAM [/rosbridge_websocket/params_glob] by /roslaunch
[rosmaster.master][INFO] 2023-06-29 19:23:04,700: +PARAM [/rosbridge_websocket/bson_only_mode] by /roslaunch
[rosmaster.master][INFO] 2023-06-29 19:23:04,700: +PARAM [/rosapi/topics_glob] by /roslaunch
[rosmaster.master][INFO] 2023-06-29 19:23:04,700: +PARAM [/rosapi/services_glob] by /roslaunch
[rosmaster.master][INFO] 2023-06-29 19:23:04,700: +PARAM [/rosapi/params_glob] by /roslaunch
[rosmaster.master][INFO] 2023-06-29 19:23:04,707: +SERVICE [/rosout/get_loggers] /rosout http://233a52f6384a:42609/
[rosmaster.master][INFO] 2023-06-29 19:23:04,707: +SERVICE [/rosout/set_logger_level] /rosout http://233a52f6384a:42609/
[rosmaster.master][INFO] 2023-06-29 19:23:04,709: +SUB [/clock] /rosout http://233a52f6384a:42609/
[rosmaster.master][INFO] 2023-06-29 19:23:04,710: +PUB [/rosout_agg] /rosout http://233a52f6384a:42609/
[rosmaster.master][INFO] 2023-06-29 19:23:04,712: +SUB [/rosout] /rosout http://233a52f6384a:42609/
[rosmaster.master][INFO] 2023-06-29 19:23:04,994: +PUB [/rosout] /turtlebot3_slam_gmapping http://233a52f6384a:43315/
[rosmaster.master][INFO] 2023-06-29 19:23:04,995: +SERVICE [/turtlebot3_slam_gmapping/get_loggers] /turtlebot3_slam_gmapping http://233a52f6384a:43315/
[rosmaster.master][INFO] 2023-06-29 19:23:04,995: +SERVICE [/turtlebot3_slam_gmapping/set_logger_level] /turtlebot3_slam_gmapping http://233a52f6384a:43315/
[rosmaster.master][INFO] 2023-06-29 19:23:04,997: +SUB [/clock] /turtlebot3_slam_gmapping http://233a52f6384a:43315/
[rosmaster.master][INFO] 2023-06-29 19:23:04,999: +SUB [/tf] /turtlebot3_slam_gmapping http://233a52f6384a:43315/
[rosmaster.master][INFO] 2023-06-29 19:23:05,006: +PUB [/rosout] /robot_state_publisher http://233a52f6384a:43521/
[rosmaster.master][INFO] 2023-06-29 19:23:05,012: +SERVICE [/robot_state_publisher/get_loggers] /robot_state_publisher http://233a52f6384a:43521/
[rosmaster.master][INFO] 2023-06-29 19:23:05,017: publisherUpdate[/rosout] -> http://233a52f6384a:42609/ ['http://233a52f6384a:43315/']
[rosmaster.master][INFO] 2023-06-29 19:23:05,030: +SERVICE [/robot_state_publisher/set_logger_level] /robot_state_publisher http://233a52f6384a:43521/
[rosmaster.master][INFO] 2023-06-29 19:23:05,055: +SUB [/clock] /robot_state_publisher http://233a52f6384a:43521/
[rosmaster.master][INFO] 2023-06-29 19:23:05,087: +PUB [/tf] /robot_state_publisher http://233a52f6384a:43521/
[rosmaster.master][INFO] 2023-06-29 19:23:05,088: +SUB [/tf_static] /turtlebot3_slam_gmapping http://233a52f6384a:43315/
[rosmaster.master][INFO] 2023-06-29 19:23:05,091: +PUB [/tf] /turtlebot3_slam_gmapping http://233a52f6384a:43315/
[rosmaster.master][INFO] 2023-06-29 19:23:05,105: +PUB [/tf_static] /robot_state_publisher http://233a52f6384a:43521/
[rosmaster.master][INFO] 2023-06-29 19:23:05,127: publisherUpdate[/rosout] -> http://233a52f6384a:42609/ ['http://233a52f6384a:43315/']: sec=0.11, result=[1, '', 0]
[rosmaster.master][INFO] 2023-06-29 19:23:05,127: publisherUpdate[/rosout] -> http://233a52f6384a:42609/ ['http://233a52f6384a:43315/', 'http://233a52f6384a:43521/']
[rosmaster.master][INFO] 2023-06-29 19:23:05,128: publisherUpdate[/tf] -> http://233a52f6384a:43315/ ['http://233a52f6384a:43521/']
[rosmaster.master][INFO] 2023-06-29 19:23:05,142: publisherUpdate[/rosout] -> http://233a52f6384a:42609/ ['http://233a52f6384a:43315/', 'http://233a52f6384a:43521/']: sec=0.01, result=[1, '', 0]
[rosmaster.master][INFO] 2023-06-29 19:23:05,154: +SUB [/joint_states] /robot_state_publisher http://233a52f6384a:43521/
[rosmaster.master][INFO] 2023-06-29 19:23:05,160: +PUB [/rosout] /run_robot_pose_publisher http://233a52f6384a:40437/
[rosmaster.master][INFO] 2023-06-29 19:23:05,160: +SERVICE [/run_robot_pose_publisher/get_loggers] /run_robot_pose_publisher http://233a52f6384a:40437/
[rosmaster.master][INFO] 2023-06-29 19:23:05,161: +SERVICE [/run_robot_pose_publisher/set_logger_level] /run_robot_pose_publisher http://233a52f6384a:40437/
[rosmaster.master][INFO] 2023-06-29 19:23:05,183: +SUB [/clock] /run_robot_pose_publisher http://233a52f6384a:40437/
[rosmaster.master][INFO] 2023-06-29 19:23:05,185: +PUB [/robot_pose] /run_robot_pose_publisher http://233a52f6384a:40437/
[rosmaster.master][INFO] 2023-06-29 19:23:05,186: +SUB [/tf] /run_robot_pose_publisher http://233a52f6384a:40437/
[rosmaster.master][INFO] 2023-06-29 19:23:05,188: +SUB [/tf_static] /run_robot_pose_publisher http://233a52f6384a:40437/
[rosmaster.master][INFO] 2023-06-29 19:23:05,233: publisherUpdate[/rosout] -> http://233a52f6384a:42609/ ['http://233a52f6384a:43315/', 'http://233a52f6384a:43521/', 'http://233a52f6384a:40437/']
[rosmaster.master][INFO] 2023-06-29 19:23:05,257: +PUB [/turtlebot3_slam_gmapping/entropy] /turtlebot3_slam_gmapping http://233a52f6384a:43315/
[rosmaster.master][INFO] 2023-06-29 19:23:05,257: +PUB [/map] /turtlebot3_slam_gmapping http://233a52f6384a:43315/
[rosmaster.master][INFO] 2023-06-29 19:23:05,259: +PUB [/map_metadata] /turtlebot3_slam_gmapping http://233a52f6384a:43315/
[rosmaster.master][INFO] 2023-06-29 19:23:05,261: +PUB [/rosout] /tf2_web_republisher http://233a52f6384a:36619/
[rosmaster.master][INFO] 2023-06-29 19:23:05,262: +SERVICE [/tf2_web_republisher/get_loggers] /tf2_web_republisher http://233a52f6384a:36619/
[rosmaster.master][INFO] 2023-06-29 19:23:05,263: +SERVICE [/tf2_web_republisher/set_logger_level] /tf2_web_republisher http://233a52f6384a:36619/
[rosmaster.master][INFO] 2023-06-29 19:23:05,266: +SUB [/clock] /tf2_web_republisher http://233a52f6384a:36619/
[rosmaster.master][INFO] 2023-06-29 19:23:05,267: +SERVICE [/dynamic_map] /turtlebot3_slam_gmapping http://233a52f6384a:43315/
[rosmaster.master][INFO] 2023-06-29 19:23:05,268: +SUB [/scan] /turtlebot3_slam_gmapping http://233a52f6384a:43315/
[rosmaster.master][INFO] 2023-06-29 19:23:05,274: +SUB [/tf] /tf2_web_republisher http://233a52f6384a:36619/
[rosmaster.master][INFO] 2023-06-29 19:23:05,294: publisherUpdate[/tf] -> http://233a52f6384a:43315/ ['http://233a52f6384a:43521/']: sec=0.17, result=[1, '', 0]
[rosmaster.master][INFO] 2023-06-29 19:23:05,294: publisherUpdate[/tf] -> http://233a52f6384a:43315/ ['http://233a52f6384a:43521/', 'http://233a52f6384a:43315/']
[rosmaster.master][INFO] 2023-06-29 19:23:05,295: publisherUpdate[/rosout] -> http://233a52f6384a:42609/ ['http://233a52f6384a:43315/', 'http://233a52f6384a:43521/', 'http://233a52f6384a:40437/']: sec=0.06, result=[1, '', 0]
[rosmaster.master][INFO] 2023-06-29 19:23:05,295: publisherUpdate[/rosout] -> http://233a52f6384a:42609/ ['http://233a52f6384a:43315/', 'http://233a52f6384a:43521/', 'http://233a52f6384a:40437/', 'http://233a52f6384a:36619/']
[rosmaster.master][INFO] 2023-06-29 19:23:05,297: publisherUpdate[/rosout] -> http://233a52f6384a:42609/ ['http://233a52f6384a:43315/', 'http://233a52f6384a:43521/', 'http://233a52f6384a:40437/', 'http://233a52f6384a:36619/']: sec=0.00, result=[1, '', 0]
[rosmaster.master][INFO] 2023-06-29 19:23:05,305: +SUB [/tf_static] /tf2_web_republisher http://233a52f6384a:36619/
[rosmaster.master][INFO] 2023-06-29 19:23:05,306: +SERVICE [/republish_tfs] /tf2_web_republisher http://233a52f6384a:36619/
[rosmaster.master][INFO] 2023-06-29 19:23:05,306: +PUB [/tf2_web_republisher/result] /tf2_web_republisher http://233a52f6384a:36619/
[rosmaster.master][INFO] 2023-06-29 19:23:05,307: +PUB [/tf2_web_republisher/feedback] /tf2_web_republisher http://233a52f6384a:36619/
[rosmaster.master][INFO] 2023-06-29 19:23:05,366: +PUB [/tf2_web_republisher/status] /tf2_web_republisher http://233a52f6384a:36619/
[rosmaster.master][INFO] 2023-06-29 19:23:05,374: +SUB [/tf2_web_republisher/goal] /tf2_web_republisher http://233a52f6384a:36619/
[rosmaster.master][INFO] 2023-06-29 19:23:05,387: +SUB [/tf2_web_republisher/cancel] /tf2_web_republisher http://233a52f6384a:36619/
[rosmaster.master][INFO] 2023-06-29 19:23:05,399: publisherUpdate[/tf] -> http://233a52f6384a:43315/ ['http://233a52f6384a:43521/', 'http://233a52f6384a:43315/']: sec=0.11, result=[1, '', 0]
[rosmaster.master][INFO] 2023-06-29 19:23:05,400: publisherUpdate[/tf_static] -> http://233a52f6384a:43315/ ['http://233a52f6384a:43521/']
[rosmaster.master][INFO] 2023-06-29 19:23:05,401: publisherUpdate[/tf_static] -> http://233a52f6384a:43315/ ['http://233a52f6384a:43521/']: sec=0.00, result=[1, '', 0]
[rosmaster.master][INFO] 2023-06-29 19:23:06,434: +PUB [/rosout] /spawn_urdf http://233a52f6384a:33495/
[rosmaster.master][INFO] 2023-06-29 19:23:06,503: +PUB [/rosout] /rosapi http://233a52f6384a:36661/
[rosmaster.master][INFO] 2023-06-29 19:23:06,527: publisherUpdate[/rosout] -> http://233a52f6384a:42609/ ['http://233a52f6384a:43315/', 'http://233a52f6384a:43521/', 'http://233a52f6384a:40437/', 'http://233a52f6384a:36619/', 'http://233a52f6384a:33495/']
[rosmaster.master][INFO] 2023-06-29 19:23:06,529: publisherUpdate[/rosout] -> http://233a52f6384a:42609/ ['http://233a52f6384a:43315/', 'http://233a52f6384a:43521/', 'http://233a52f6384a:40437/', 'http://233a52f6384a:36619/', 'http://233a52f6384a:33495/']: sec=0.00, result=[1, '', 0]
[rosmaster.master][INFO] 2023-06-29 19:23:06,530: publisherUpdate[/rosout] -> http://233a52f6384a:42609/ ['http://233a52f6384a:43315/', 'http://233a52f6384a:43521/', 'http://233a52f6384a:40437/', 'http://233a52f6384a:36619/', 'http://233a52f6384a:33495/', 'http://233a52f6384a:36661/']
[rosmaster.master][INFO] 2023-06-29 19:23:06,538: +SUB [/clock] /rosapi http://233a52f6384a:36661/
[rosmaster.master][INFO] 2023-06-29 19:23:06,540: publisherUpdate[/rosout] -> http://233a52f6384a:42609/ ['http://233a52f6384a:43315/', 'http://233a52f6384a:43521/', 'http://233a52f6384a:40437/', 'http://233a52f6384a:36619/', 'http://233a52f6384a:33495/', 'http://233a52f6384a:36661/']: sec=0.01, result=[1, '', 0]
[rosmaster.master][INFO] 2023-06-29 19:23:06,545: +SUB [/clock] /spawn_urdf http://233a52f6384a:33495/
[rosmaster.master][INFO] 2023-06-29 19:23:06,554: +SERVICE [/rosapi/get_loggers] /rosapi http://233a52f6384a:36661/
[rosmaster.master][INFO] 2023-06-29 19:23:06,555: +SERVICE [/rosapi/set_logger_level] /rosapi http://233a52f6384a:36661/
[rosmaster.master][INFO] 2023-06-29 19:23:06,620: +SERVICE [/spawn_urdf/get_loggers] /spawn_urdf http://233a52f6384a:33495/
[rosmaster.master][INFO] 2023-06-29 19:23:06,627: +SERVICE [/spawn_urdf/set_logger_level] /spawn_urdf http://233a52f6384a:33495/
[rosmaster.master][INFO] 2023-06-29 19:23:06,642: +SERVICE [/rosapi/topics] /rosapi http://233a52f6384a:36661/
[rosmaster.master][INFO] 2023-06-29 19:23:06,643: +CACHEDPARAM [/rosout_disable_topics_generation] by /spawn_urdf
[rosmaster.master][INFO] 2023-06-29 19:23:06,664: +SERVICE [/rosapi/topics_for_type] /rosapi http://233a52f6384a:36661/
[rosmaster.master][INFO] 2023-06-29 19:23:06,675: +SERVICE [/rosapi/services] /rosapi http://233a52f6384a:36661/
[rosmaster.master][INFO] 2023-06-29 19:23:06,679: +SERVICE [/rosapi/services_for_type] /rosapi http://233a52f6384a:36661/
[rosmaster.master][INFO] 2023-06-29 19:23:06,680: +SERVICE [/rosapi/nodes] /rosapi http://233a52f6384a:36661/
[rosmaster.master][INFO] 2023-06-29 19:23:06,681: +SERVICE [/rosapi/node_details] /rosapi http://233a52f6384a:36661/
[rosmaster.master][INFO] 2023-06-29 19:23:06,682: +SERVICE [/rosapi/action_servers] /rosapi http://233a52f6384a:36661/
[rosmaster.master][INFO] 2023-06-29 19:23:06,696: +SERVICE [/rosapi/topic_type] /rosapi http://233a52f6384a:36661/
[rosmaster.master][INFO] 2023-06-29 19:23:06,701: +SERVICE [/rosapi/service_type] /rosapi http://233a52f6384a:36661/
[rosmaster.master][INFO] 2023-06-29 19:23:06,703: +SERVICE [/rosapi/publishers] /rosapi http://233a52f6384a:36661/
[rosmaster.master][INFO] 2023-06-29 19:23:06,704: +SERVICE [/rosapi/subscribers] /rosapi http://233a52f6384a:36661/
[rosmaster.master][INFO] 2023-06-29 19:23:06,704: +SERVICE [/rosapi/service_providers] /rosapi http://233a52f6384a:36661/
[rosmaster.master][INFO] 2023-06-29 19:23:06,708: +SERVICE [/rosapi/service_node] /rosapi http://233a52f6384a:36661/
[rosmaster.master][INFO] 2023-06-29 19:23:06,710: +SERVICE [/rosapi/service_host] /rosapi http://233a52f6384a:36661/
[rosmaster.master][INFO] 2023-06-29 19:23:06,710: +SERVICE [/rosapi/message_details] /rosapi http://233a52f6384a:36661/
[rosmaster.master][INFO] 2023-06-29 19:23:06,714: +SERVICE [/rosapi/service_request_details] /rosapi http://233a52f6384a:36661/
[rosmaster.master][INFO] 2023-06-29 19:23:06,717: +SERVICE [/rosapi/service_response_details] /rosapi http://233a52f6384a:36661/
[rosmaster.master][INFO] 2023-06-29 19:23:06,718: +SERVICE [/rosapi/set_param] /rosapi http://233a52f6384a:36661/
[rosmaster.master][INFO] 2023-06-29 19:23:06,718: +SERVICE [/rosapi/get_param] /rosapi http://233a52f6384a:36661/
[rosmaster.master][INFO] 2023-06-29 19:23:06,720: +CACHEDPARAM [/rosout_disable_topics_generation] by /spawn_urdf
[rosmaster.master][INFO] 2023-06-29 19:23:06,722: +SERVICE [/rosapi/has_param] /rosapi http://233a52f6384a:36661/
[rosmaster.master][INFO] 2023-06-29 19:23:06,723: +SERVICE [/rosapi/search_param] /rosapi http://233a52f6384a:36661/
[rosmaster.master][INFO] 2023-06-29 19:23:06,724: +SERVICE [/rosapi/delete_param] /rosapi http://233a52f6384a:36661/
[rosmaster.master][INFO] 2023-06-29 19:23:06,725: +SERVICE [/rosapi/get_param_names] /rosapi http://233a52f6384a:36661/
[rosmaster.master][INFO] 2023-06-29 19:23:06,727: +SERVICE [/rosapi/get_time] /rosapi http://233a52f6384a:36661/
[rosmaster.master][INFO] 2023-06-29 19:23:06,731: +SERVICE [/rosapi/topics_and_raw_types] /rosapi http://233a52f6384a:36661/
[rosmaster.master][INFO] 2023-06-29 19:23:06,733: +CACHEDPARAM [/rosout_disable_topics_generation] by /rosapi
[rosmaster.master][INFO] 2023-06-29 19:23:06,764: +CACHEDPARAM [/rosout/omit_topics] by /rosout
[rosmaster.master][INFO] 2023-06-29 19:23:06,972: +PUB [/rosout] /webserver http://233a52f6384a:41331/
[rosmaster.master][INFO] 2023-06-29 19:23:06,991: +SUB [/clock] /webserver http://233a52f6384a:41331/
[rosmaster.master][INFO] 2023-06-29 19:23:06,993: +SERVICE [/webserver/get_loggers] /webserver http://233a52f6384a:41331/
[rosmaster.master][INFO] 2023-06-29 19:23:07,000: +SERVICE [/webserver/set_logger_level] /webserver http://233a52f6384a:41331/
[rosmaster.master][INFO] 2023-06-29 19:23:07,059: publisherUpdate[/rosout] -> http://233a52f6384a:42609/ ['http://233a52f6384a:43315/', 'http://233a52f6384a:43521/', 'http://233a52f6384a:40437/', 'http://233a52f6384a:36619/', 'http://233a52f6384a:33495/', 'http://233a52f6384a:36661/', 'http://233a52f6384a:41331/']
[rosmaster.master][INFO] 2023-06-29 19:23:07,060: publisherUpdate[/rosout] -> http://233a52f6384a:42609/ ['http://233a52f6384a:43315/', 'http://233a52f6384a:43521/', 'http://233a52f6384a:40437/', 'http://233a52f6384a:36619/', 'http://233a52f6384a:33495/', 'http://233a52f6384a:36661/', 'http://233a52f6384a:41331/']: sec=0.00, result=[1, '', 0]
[rosmaster.master][INFO] 2023-06-29 19:23:07,623: +PUB [/rosout] /rosbridge_websocket http://233a52f6384a:43593/
[rosmaster.master][INFO] 2023-06-29 19:23:07,631: +SUB [/clock] /rosbridge_websocket http://233a52f6384a:43593/
[rosmaster.master][INFO] 2023-06-29 19:23:07,641: +SERVICE [/rosbridge_websocket/get_loggers] /rosbridge_websocket http://233a52f6384a:43593/
[rosmaster.master][INFO] 2023-06-29 19:23:07,643: +SERVICE [/rosbridge_websocket/set_logger_level] /rosbridge_websocket http://233a52f6384a:43593/
[rosmaster.master][INFO] 2023-06-29 19:23:07,670: publisherUpdate[/rosout] -> http://233a52f6384a:42609/ ['http://233a52f6384a:43315/', 'http://233a52f6384a:43521/', 'http://233a52f6384a:40437/', 'http://233a52f6384a:36619/', 'http://233a52f6384a:33495/', 'http://233a52f6384a:36661/', 'http://233a52f6384a:41331/', 'http://233a52f6384a:43593/']
[rosmaster.master][INFO] 2023-06-29 19:23:07,672: publisherUpdate[/rosout] -> http://233a52f6384a:42609/ ['http://233a52f6384a:43315/', 'http://233a52f6384a:43521/', 'http://233a52f6384a:40437/', 'http://233a52f6384a:36619/', 'http://233a52f6384a:33495/', 'http://233a52f6384a:36661/', 'http://233a52f6384a:41331/', 'http://233a52f6384a:43593/']: sec=0.00, result=[1, '', 0]
[rosmaster.master][INFO] 2023-06-29 19:23:07,693: +PUB [/client_count] /rosbridge_websocket http://233a52f6384a:43593/
[rosmaster.master][INFO] 2023-06-29 19:23:07,700: +PUB [/connected_clients] /rosbridge_websocket http://233a52f6384a:43593/
[rosmaster.master][INFO] 2023-06-29 19:23:07,708: +PARAM [/rosbridge_websocket/actual_port] by /rosbridge_websocket
[rosmaster.master][INFO] 2023-06-29 19:23:07,711: +CACHEDPARAM [/rosout_disable_topics_generation] by /rosbridge_websocket
[rosmaster.master][INFO] 2023-06-29 19:23:07,740: +PUB [/rosout] /gazebo http://233a52f6384a:36017/
[rosmaster.master][INFO] 2023-06-29 19:23:07,741: +SERVICE [/gazebo/get_loggers] /gazebo http://233a52f6384a:36017/
[rosmaster.master][INFO] 2023-06-29 19:23:07,742: +SERVICE [/gazebo/set_logger_level] /gazebo http://233a52f6384a:36017/
[rosmaster.master][INFO] 2023-06-29 19:23:07,745: +SUB [/clock] /gazebo http://233a52f6384a:36017/
[rosmaster.master][INFO] 2023-06-29 19:23:07,746: +CACHEDPARAM [/rosout_disable_topics_generation] by /gazebo
[rosmaster.master][INFO] 2023-06-29 19:23:07,782: publisherUpdate[/rosout] -> http://233a52f6384a:42609/ ['http://233a52f6384a:43315/', 'http://233a52f6384a:43521/', 'http://233a52f6384a:40437/', 'http://233a52f6384a:36619/', 'http://233a52f6384a:33495/', 'http://233a52f6384a:36661/', 'http://233a52f6384a:41331/', 'http://233a52f6384a:43593/', 'http://233a52f6384a:36017/']
[rosmaster.master][INFO] 2023-06-29 19:23:07,787: publisherUpdate[/rosout] -> http://233a52f6384a:42609/ ['http://233a52f6384a:43315/', 'http://233a52f6384a:43521/', 'http://233a52f6384a:40437/', 'http://233a52f6384a:36619/', 'http://233a52f6384a:33495/', 'http://233a52f6384a:36661/', 'http://233a52f6384a:41331/', 'http://233a52f6384a:43593/', 'http://233a52f6384a:36017/']: sec=0.00, result=[1, '', 0]
[rosmaster.master][INFO] 2023-06-29 19:23:07,845: +PUB [/rosout] /gazebo_gui http://233a52f6384a:41307/
[rosmaster.master][INFO] 2023-06-29 19:23:07,852: +SERVICE [/gazebo_gui/get_loggers] /gazebo_gui http://233a52f6384a:41307/
[rosmaster.master][INFO] 2023-06-29 19:23:07,853: +SERVICE [/gazebo_gui/set_logger_level] /gazebo_gui http://233a52f6384a:41307/
[rosmaster.master][INFO] 2023-06-29 19:23:07,862: +SUB [/clock] /gazebo_gui http://233a52f6384a:41307/
[rosmaster.master][INFO] 2023-06-29 19:23:07,864: +CACHEDPARAM [/rosout_disable_topics_generation] by /gazebo_gui
[rosmaster.master][INFO] 2023-06-29 19:23:07,906: publisherUpdate[/rosout] -> http://233a52f6384a:42609/ ['http://233a52f6384a:43315/', 'http://233a52f6384a:43521/', 'http://233a52f6384a:40437/', 'http://233a52f6384a:36619/', 'http://233a52f6384a:33495/', 'http://233a52f6384a:36661/', 'http://233a52f6384a:41331/', 'http://233a52f6384a:43593/', 'http://233a52f6384a:36017/', 'http://233a52f6384a:41307/']
[rosmaster.master][INFO] 2023-06-29 19:23:07,910: publisherUpdate[/rosout] -> http://233a52f6384a:42609/ ['http://233a52f6384a:43315/', 'http://233a52f6384a:43521/', 'http://233a52f6384a:40437/', 'http://233a52f6384a:36619/', 'http://233a52f6384a:33495/', 'http://233a52f6384a:36661/', 'http://233a52f6384a:41331/', 'http://233a52f6384a:43593/', 'http://233a52f6384a:36017/', 'http://233a52f6384a:41307/']: sec=0.00, result=[1, '', 0]
[rosmaster.master][INFO] 2023-06-29 19:23:08,586: +PUB [/clock] /gazebo http://233a52f6384a:36017/
[rosmaster.master][INFO] 2023-06-29 19:23:08,599: +SERVICE [/gazebo/spawn_sdf_model] /gazebo http://233a52f6384a:36017/
[rosmaster.master][INFO] 2023-06-29 19:23:08,616: +SERVICE [/gazebo/spawn_urdf_model] /gazebo http://233a52f6384a:36017/
[rosmaster.master][INFO] 2023-06-29 19:23:08,627: publisherUpdate[/clock] -> http://233a52f6384a:42609/ ['http://233a52f6384a:36017/']
[rosmaster.master][INFO] 2023-06-29 19:23:08,630: publisherUpdate[/clock] -> http://233a52f6384a:43315/ ['http://233a52f6384a:36017/']
[rosmaster.master][INFO] 2023-06-29 19:23:08,631: publisherUpdate[/clock] -> http://233a52f6384a:43521/ ['http://233a52f6384a:36017/']
[rosmaster.master][INFO] 2023-06-29 19:23:08,639: publisherUpdate[/clock] -> http://233a52f6384a:43315/ ['http://233a52f6384a:36017/']: sec=0.01, result=[1, '', 0]
[rosmaster.master][INFO] 2023-06-29 19:23:08,650: publisherUpdate[/clock] -> http://233a52f6384a:40437/ ['http://233a52f6384a:36017/']
[rosmaster.master][INFO] 2023-06-29 19:23:08,648: +SERVICE [/gazebo/delete_model] /gazebo http://233a52f6384a:36017/
[rosmaster.master][INFO] 2023-06-29 19:23:08,671: publisherUpdate[/clock] -> http://233a52f6384a:43521/ ['http://233a52f6384a:36017/']: sec=0.04, result=[1, '', 0]
[rosmaster.master][INFO] 2023-06-29 19:23:08,671: publisherUpdate[/clock] -> http://233a52f6384a:36619/ ['http://233a52f6384a:36017/']
[rosmaster.master][INFO] 2023-06-29 19:23:08,689: publisherUpdate[/clock] -> http://233a52f6384a:42609/ ['http://233a52f6384a:36017/']: sec=0.06, result=[1, '', 0]
[rosmaster.master][INFO] 2023-06-29 19:23:08,689: publisherUpdate[/clock] -> http://233a52f6384a:36619/ ['http://233a52f6384a:36017/']: sec=0.02, result=[1, '', 0]
[rosmaster.master][INFO] 2023-06-29 19:23:08,689: publisherUpdate[/clock] -> http://233a52f6384a:33495/ ['http://233a52f6384a:36017/']
[rosmaster.master][INFO] 2023-06-29 19:23:08,689: publisherUpdate[/clock] -> http://233a52f6384a:36661/ ['http://233a52f6384a:36017/']
[rosmaster.master][INFO] 2023-06-29 19:23:08,692: publisherUpdate[/clock] -> http://233a52f6384a:33495/ ['http://233a52f6384a:36017/']: sec=0.00, result=[1, '', 0]
[rosmaster.master][INFO] 2023-06-29 19:23:08,692: publisherUpdate[/clock] -> http://233a52f6384a:41331/ ['http://233a52f6384a:36017/']
[rosmaster.master][INFO] 2023-06-29 19:23:08,693: publisherUpdate[/clock] -> http://233a52f6384a:36661/ ['http://233a52f6384a:36017/']: sec=0.00, result=[1, '', 0]
[rosmaster.master][INFO] 2023-06-29 19:23:08,693: publisherUpdate[/clock] -> http://233a52f6384a:43593/ ['http://233a52f6384a:36017/']
[rosmaster.master][INFO] 2023-06-29 19:23:08,695: publisherUpdate[/clock] -> http://233a52f6384a:41331/ ['http://233a52f6384a:36017/']: sec=0.00, result=[1, '', 0]
[rosmaster.master][INFO] 2023-06-29 19:23:08,695: publisherUpdate[/clock] -> http://233a52f6384a:36017/ ['http://233a52f6384a:36017/']
[rosmaster.master][INFO] 2023-06-29 19:23:08,704: +SERVICE [/gazebo/delete_light] /gazebo http://233a52f6384a:36017/
[rosmaster.master][INFO] 2023-06-29 19:23:08,705: publisherUpdate[/clock] -> http://233a52f6384a:40437/ ['http://233a52f6384a:36017/']: sec=0.05, result=[1, '', 0]
[rosmaster.master][INFO] 2023-06-29 19:23:08,707: publisherUpdate[/clock] -> http://233a52f6384a:41307/ ['http://233a52f6384a:36017/']
[rosmaster.master][INFO] 2023-06-29 19:23:08,707: publisherUpdate[/clock] -> http://233a52f6384a:41307/ ['http://233a52f6384a:36017/']: sec=0.00, exception=[Errno 111] Connection refused
[rosmaster.threadpool][ERROR] 2023-06-29 19:23:08,709: Traceback (most recent call last):
  File "/opt/ros/noetic/lib/python3/dist-packages/rosmaster/threadpool.py", line 218, in run
    result = cmd(*args)
  File "/opt/ros/noetic/lib/python3/dist-packages/rosmaster/master_api.py", line 210, in publisher_update_task
    ret = xmlrpcapi(api).publisherUpdate('/master', topic, pub_uris)
  File "/usr/lib/python3.8/xmlrpc/client.py", line 1109, in __call__
    return self.__send(self.__name, args)
  File "/usr/lib/python3.8/xmlrpc/client.py", line 1450, in __request
    response = self.__transport.request(
  File "/usr/lib/python3.8/xmlrpc/client.py", line 1153, in request
    return self.single_request(host, handler, request_body, verbose)
  File "/usr/lib/python3.8/xmlrpc/client.py", line 1165, in single_request
    http_conn = self.send_request(host, handler, request_body, verbose)
  File "/usr/lib/python3.8/xmlrpc/client.py", line 1278, in send_request
    self.send_content(connection, request_body)
  File "/usr/lib/python3.8/xmlrpc/client.py", line 1308, in send_content
    connection.endheaders(request_body)
  File "/usr/lib/python3.8/http/client.py", line 1251, in endheaders
    self._send_output(message_body, encode_chunked=encode_chunked)
  File "/usr/lib/python3.8/http/client.py", line 1011, in _send_output
    self.send(msg)
  File "/usr/lib/python3.8/http/client.py", line 951, in send
    self.connect()
  File "/usr/lib/python3.8/http/client.py", line 922, in connect
    self.sock = self._create_connection(
  File "/usr/lib/python3.8/socket.py", line 808, in create_connection
    raise err
  File "/usr/lib/python3.8/socket.py", line 796, in create_connection
    sock.connect(sa)
ConnectionRefusedError: [Errno 111] Connection refused

[rosmaster.master][INFO] 2023-06-29 19:23:08,718: +SERVICE [/gazebo/get_model_properties] /gazebo http://233a52f6384a:36017/
[rosmaster.master][INFO] 2023-06-29 19:23:08,719: +SERVICE [/gazebo/get_model_state] /gazebo http://233a52f6384a:36017/
[rosmaster.master][INFO] 2023-06-29 19:23:08,720: +SERVICE [/gazebo/get_world_properties] /gazebo http://233a52f6384a:36017/
[rosmaster.master][INFO] 2023-06-29 19:23:08,721: +SERVICE [/gazebo/get_joint_properties] /gazebo http://233a52f6384a:36017/
[rosmaster.master][INFO] 2023-06-29 19:23:08,730: +SERVICE [/gazebo/get_link_properties] /gazebo http://233a52f6384a:36017/
[rosmaster.master][INFO] 2023-06-29 19:23:08,731: +SERVICE [/gazebo/get_link_state] /gazebo http://233a52f6384a:36017/
[rosmaster.master][INFO] 2023-06-29 19:23:08,732: +SERVICE [/gazebo/get_light_properties] /gazebo http://233a52f6384a:36017/
[rosmaster.master][INFO] 2023-06-29 19:23:08,732: +SERVICE [/gazebo/set_light_properties] /gazebo http://233a52f6384a:36017/
[rosmaster.master][INFO] 2023-06-29 19:23:08,735: +SERVICE [/gazebo/get_physics_properties] /gazebo http://233a52f6384a:36017/
[rosmaster.master][INFO] 2023-06-29 19:23:08,738: +PUB [/gazebo/link_states] /gazebo http://233a52f6384a:36017/
[rosmaster.master][INFO] 2023-06-29 19:23:08,741: +PUB [/gazebo/model_states] /gazebo http://233a52f6384a:36017/
[rosmaster.master][INFO] 2023-06-29 19:23:08,741: +PUB [/gazebo/performance_metrics] /gazebo http://233a52f6384a:36017/
[rosmaster.master][INFO] 2023-06-29 19:23:08,744: +SERVICE [/gazebo/set_link_properties] /gazebo http://233a52f6384a:36017/
[rosmaster.master][INFO] 2023-06-29 19:23:08,746: +SERVICE [/gazebo/set_physics_properties] /gazebo http://233a52f6384a:36017/
[rosmaster.master][INFO] 2023-06-29 19:23:08,754: +SERVICE [/gazebo/set_model_state] /gazebo http://233a52f6384a:36017/
[rosmaster.master][INFO] 2023-06-29 19:23:08,755: publisherUpdate[/clock] -> http://233a52f6384a:43593/ ['http://233a52f6384a:36017/']: sec=0.06, result=[1, '', 0]
[rosmaster.master][INFO] 2023-06-29 19:23:08,759: +SERVICE [/gazebo/set_model_configuration] /gazebo http://233a52f6384a:36017/
[rosmaster.master][INFO] 2023-06-29 19:23:08,760: +SERVICE [/gazebo/set_joint_properties] /gazebo http://233a52f6384a:36017/
[rosmaster.master][INFO] 2023-06-29 19:23:08,767: +SERVICE [/gazebo/set_link_state] /gazebo http://233a52f6384a:36017/
[rosmaster.master][INFO] 2023-06-29 19:23:08,776: +SERVICE [/gazebo/set_parameters] /gazebo http://233a52f6384a:36017/
[rosmaster.master][INFO] 2023-06-29 19:23:08,779: +SUB [/gazebo/set_link_state] /gazebo http://233a52f6384a:36017/
[rosmaster.master][INFO] 2023-06-29 19:23:08,781: +SUB [/gazebo/set_model_state] /gazebo http://233a52f6384a:36017/
[rosmaster.master][INFO] 2023-06-29 19:23:08,782: +SERVICE [/gazebo/pause_physics] /gazebo http://233a52f6384a:36017/
[rosmaster.master][INFO] 2023-06-29 19:23:08,785: +SERVICE [/gazebo/unpause_physics] /gazebo http://233a52f6384a:36017/
[rosmaster.master][INFO] 2023-06-29 19:23:08,786: +SERVICE [/gazebo/apply_body_wrench] /gazebo http://233a52f6384a:36017/
[rosmaster.master][INFO] 2023-06-29 19:23:08,791: +SERVICE [/gazebo/apply_joint_effort] /gazebo http://233a52f6384a:36017/
[rosmaster.master][INFO] 2023-06-29 19:23:08,792: +SERVICE [/gazebo/clear_joint_forces] /gazebo http://233a52f6384a:36017/
[rosmaster.master][INFO] 2023-06-29 19:23:08,793: +SERVICE [/gazebo/clear_body_wrenches] /gazebo http://233a52f6384a:36017/
[rosmaster.master][INFO] 2023-06-29 19:23:08,793: +SERVICE [/gazebo/reset_simulation] /gazebo http://233a52f6384a:36017/
[rosmaster.master][INFO] 2023-06-29 19:23:08,794: +SERVICE [/gazebo/reset_world] /gazebo http://233a52f6384a:36017/
[rosmaster.master][INFO] 2023-06-29 19:23:08,797: +PUB [/gazebo/parameter_descriptions] /gazebo http://233a52f6384a:36017/
[rosmaster.master][INFO] 2023-06-29 19:23:08,799: +PUB [/gazebo/parameter_updates] /gazebo http://233a52f6384a:36017/
[rosmaster.master][INFO] 2023-06-29 19:23:08,842: publisherUpdate[/clock] -> http://233a52f6384a:36017/ ['http://233a52f6384a:36017/']: sec=0.15, result=[1, '', 0]
[rosmaster.master][INFO] 2023-06-29 19:23:08,878: +CACHEDPARAM [/rosout_disable_topics_generation] by /spawn_urdf
[rosmaster.master][INFO] 2023-06-29 19:23:08,940: +PARAM [/gazebo/time_step] by /gazebo
[rosmaster.master][INFO] 2023-06-29 19:23:08,941: +PARAM [/gazebo/max_update_rate] by /gazebo
[rosmaster.master][INFO] 2023-06-29 19:23:08,957: +PARAM [/gazebo/gravity_x] by /gazebo
[rosmaster.master][INFO] 2023-06-29 19:23:08,958: +PARAM [/gazebo/gravity_y] by /gazebo
[rosmaster.master][INFO] 2023-06-29 19:23:08,959: +PARAM [/gazebo/gravity_z] by /gazebo
[rosmaster.master][INFO] 2023-06-29 19:23:08,959: +PARAM [/gazebo/auto_disable_bodies] by /gazebo
[rosmaster.master][INFO] 2023-06-29 19:23:08,960: +PARAM [/gazebo/sor_pgs_precon_iters] by /gazebo
[rosmaster.master][INFO] 2023-06-29 19:23:08,960: +PARAM [/gazebo/sor_pgs_iters] by /gazebo
[rosmaster.master][INFO] 2023-06-29 19:23:08,965: +PARAM [/gazebo/sor_pgs_w] by /gazebo
[rosmaster.master][INFO] 2023-06-29 19:23:08,976: +PARAM [/gazebo/sor_pgs_rms_error_tol] by /gazebo
[rosmaster.master][INFO] 2023-06-29 19:23:09,007: +PARAM [/gazebo/cfm] by /gazebo
[rosmaster.master][INFO] 2023-06-29 19:23:09,007: +PARAM [/gazebo/erp] by /gazebo
[rosmaster.master][INFO] 2023-06-29 19:23:09,008: +PARAM [/gazebo/contact_surface_layer] by /gazebo
[rosmaster.master][INFO] 2023-06-29 19:23:09,018: +PARAM [/gazebo/contact_max_correcting_vel] by /gazebo
[rosmaster.master][INFO] 2023-06-29 19:23:09,020: +PARAM [/gazebo/max_contacts] by /gazebo
[rosmaster.master][INFO] 2023-06-29 19:23:09,432: +CACHEDPARAM [/rosout_disable_topics_generation] by /spawn_urdf
[rosmaster.master][INFO] 2023-06-29 19:23:09,434: +PARAM [/gazebo/time_step] by /gazebo
[rosmaster.master][INFO] 2023-06-29 19:23:09,436: +PARAM [/gazebo/max_update_rate] by /gazebo
[rosmaster.master][INFO] 2023-06-29 19:23:09,436: +PARAM [/gazebo/gravity_x] by /gazebo
[rosmaster.master][INFO] 2023-06-29 19:23:09,437: +PARAM [/gazebo/gravity_y] by /gazebo
[rosmaster.master][INFO] 2023-06-29 19:23:09,439: -SUB [/clock] /spawn_urdf http://233a52f6384a:33495/
[rosmaster.master][INFO] 2023-06-29 19:23:09,441: -PUB [/rosout] /spawn_urdf http://233a52f6384a:33495/
[rosmaster.master][INFO] 2023-06-29 19:23:09,441: -SERVICE [/spawn_urdf/get_loggers] /spawn_urdf rosrpc://233a52f6384a:45695
[rosmaster.master][INFO] 2023-06-29 19:23:09,441: -SERVICE [/spawn_urdf/set_logger_level] /spawn_urdf rosrpc://233a52f6384a:45695
[rosmaster.master][INFO] 2023-06-29 19:23:09,441: +PARAM [/gazebo/gravity_z] by /gazebo
[rosmaster.master][INFO] 2023-06-29 19:23:09,444: +PARAM [/gazebo/auto_disable_bodies] by /gazebo
[rosmaster.master][INFO] 2023-06-29 19:23:09,446: +PARAM [/gazebo/sor_pgs_precon_iters] by /gazebo
[rosmaster.master][INFO] 2023-06-29 19:23:09,446: +PARAM [/gazebo/sor_pgs_iters] by /gazebo
[rosmaster.master][INFO] 2023-06-29 19:23:09,447: +PARAM [/gazebo/sor_pgs_w] by /gazebo
[rosmaster.master][INFO] 2023-06-29 19:23:09,447: +PARAM [/gazebo/sor_pgs_rms_error_tol] by /gazebo
[rosmaster.master][INFO] 2023-06-29 19:23:09,448: +PARAM [/gazebo/cfm] by /gazebo
[rosmaster.master][INFO] 2023-06-29 19:23:09,448: +PARAM [/gazebo/erp] by /gazebo
[rosmaster.master][INFO] 2023-06-29 19:23:09,448: +PARAM [/gazebo/contact_surface_layer] by /gazebo
[rosmaster.master][INFO] 2023-06-29 19:23:09,449: +PARAM [/gazebo/contact_max_correcting_vel] by /gazebo
[rosmaster.master][INFO] 2023-06-29 19:23:09,450: +PARAM [/gazebo/max_contacts] by /gazebo
[rosmaster.master][INFO] 2023-06-29 19:23:09,457: publisherUpdate[/rosout] -> http://233a52f6384a:42609/ ['http://233a52f6384a:43315/', 'http://233a52f6384a:43521/', 'http://233a52f6384a:40437/', 'http://233a52f6384a:36619/', 'http://233a52f6384a:36661/', 'http://233a52f6384a:41331/', 'http://233a52f6384a:43593/', 'http://233a52f6384a:36017/', 'http://233a52f6384a:41307/']
[rosmaster.master][ERROR] 2023-06-29 19:23:09,462: Traceback (most recent call last):
  File "/opt/ros/noetic/lib/python3/dist-packages/rosmaster/master_api.py", line 177, in validated_f
    code, msg, val = f(*newArgs, **kwds)
  File "/opt/ros/noetic/lib/python3/dist-packages/rosmaster/master_api.py", line 435, in searchParam
    search_key = self.param_server.search_param(caller_id, key)
  File "/opt/ros/noetic/lib/python3/dist-packages/rosmaster/paramserver.py", line 116, in search_param
    raise ValueError("namespace must be global")
ValueError: namespace must be global

[rosmaster.master][INFO] 2023-06-29 19:23:09,463: +PUB [/scan] /gazebo http://233a52f6384a:36017/
[rosmaster.master][INFO] 2023-06-29 19:23:09,471: publisherUpdate[/rosout] -> http://233a52f6384a:42609/ ['http://233a52f6384a:43315/', 'http://233a52f6384a:43521/', 'http://233a52f6384a:40437/', 'http://233a52f6384a:36619/', 'http://233a52f6384a:36661/', 'http://233a52f6384a:41331/', 'http://233a52f6384a:43593/', 'http://233a52f6384a:36017/', 'http://233a52f6384a:41307/']: sec=0.01, result=[1, '', 0]
[rosmaster.master][INFO] 2023-06-29 19:23:09,471: publisherUpdate[/scan] -> http://233a52f6384a:43315/ ['http://233a52f6384a:36017/']
[rosmaster.master][INFO] 2023-06-29 19:23:09,476: publisherUpdate[/scan] -> http://233a52f6384a:43315/ ['http://233a52f6384a:36017/']: sec=0.00, result=[1, '', 0]
[rosmaster.master][ERROR] 2023-06-29 19:23:09,549: Traceback (most recent call last):
  File "/opt/ros/noetic/lib/python3/dist-packages/rosmaster/master_api.py", line 177, in validated_f
    code, msg, val = f(*newArgs, **kwds)
  File "/opt/ros/noetic/lib/python3/dist-packages/rosmaster/master_api.py", line 435, in searchParam
    search_key = self.param_server.search_param(caller_id, key)
  File "/opt/ros/noetic/lib/python3/dist-packages/rosmaster/paramserver.py", line 116, in search_param
    raise ValueError("namespace must be global")
ValueError: namespace must be global

[rosmaster.master][INFO] 2023-06-29 19:23:09,550: +PUB [/joint_states] /gazebo http://233a52f6384a:36017/
[rosmaster.master][INFO] 2023-06-29 19:23:09,552: +PUB [/tf] /gazebo http://233a52f6384a:36017/
[rosmaster.master][INFO] 2023-06-29 19:23:09,555: +SUB [/cmd_vel] /gazebo http://233a52f6384a:36017/
[rosmaster.master][INFO] 2023-06-29 19:23:09,559: +PUB [/odom] /gazebo http://233a52f6384a:36017/
[rosmaster.master][INFO] 2023-06-29 19:23:09,578: publisherUpdate[/joint_states] -> http://233a52f6384a:43521/ ['http://233a52f6384a:36017/']
[rosmaster.master][INFO] 2023-06-29 19:23:09,578: publisherUpdate[/tf] -> http://233a52f6384a:43315/ ['http://233a52f6384a:43521/', 'http://233a52f6384a:43315/', 'http://233a52f6384a:36017/']
[rosmaster.master][INFO] 2023-06-29 19:23:09,582: publisherUpdate[/tf] -> http://233a52f6384a:43315/ ['http://233a52f6384a:43521/', 'http://233a52f6384a:43315/', 'http://233a52f6384a:36017/']: sec=0.00, result=[1, '', 0]
[rosmaster.master][INFO] 2023-06-29 19:23:09,582: publisherUpdate[/tf] -> http://233a52f6384a:40437/ ['http://233a52f6384a:43521/', 'http://233a52f6384a:43315/', 'http://233a52f6384a:36017/']
[rosmaster.master][INFO] 2023-06-29 19:23:09,582: publisherUpdate[/joint_states] -> http://233a52f6384a:43521/ ['http://233a52f6384a:36017/']: sec=0.00, result=[1, '', 0]
[rosmaster.master][INFO] 2023-06-29 19:23:09,583: publisherUpdate[/tf] -> http://233a52f6384a:36619/ ['http://233a52f6384a:43521/', 'http://233a52f6384a:43315/', 'http://233a52f6384a:36017/']
[rosmaster.master][INFO] 2023-06-29 19:23:09,584: publisherUpdate[/tf] -> http://233a52f6384a:40437/ ['http://233a52f6384a:43521/', 'http://233a52f6384a:43315/', 'http://233a52f6384a:36017/']: sec=0.00, result=[1, '', 0]
[rosmaster.master][INFO] 2023-06-29 19:23:09,595: publisherUpdate[/tf] -> http://233a52f6384a:36619/ ['http://233a52f6384a:43521/', 'http://233a52f6384a:43315/', 'http://233a52f6384a:36017/']: sec=0.01, result=[1, '', 0]
[rosmaster.master][INFO] 2023-06-29 19:23:09,610: +PUB [/imu] /gazebo http://233a52f6384a:36017/
[rosmaster.master][INFO] 2023-06-29 19:23:09,621: +SERVICE [/imu_service] /gazebo http://233a52f6384a:36017/
[rosmaster.master][INFO] 2023-06-29 19:23:09,916: +CACHEDPARAM [/rosout_disable_topics_generation] by /turtlebot3_slam_gmapping
[rosmaster.master][INFO] 2023-06-29 19:23:10,470: +CACHEDPARAM [/rosout_disable_topics_generation] by /rosbridge_websocket
[rosmaster.master][INFO] 2023-06-29 19:23:12,300: +SUB [/map] /rosbridge_websocket http://233a52f6384a:43593/
[rosmaster.master][INFO] 2023-06-29 19:23:12,304: +CACHEDPARAM [/rosout_disable_topics_generation] by /rosbridge_websocket
[rosmaster.master][INFO] 2023-06-29 19:23:12,314: +CACHEDPARAM [/rosout_disable_topics_generation] by /rosbridge_websocket
[rosmaster.master][INFO] 2023-06-29 19:23:12,475: +PUB [/move_base/goal] /rosbridge_websocket http://233a52f6384a:43593/
[rosmaster.master][INFO] 2023-06-29 19:23:12,490: +CACHEDPARAM [/rosout_disable_topics_generation] by /rosbridge_websocket
[rosmaster.master][INFO] 2023-06-29 19:23:12,529: +PUB [/move_base/cancel] /rosbridge_websocket http://233a52f6384a:43593/
[rosmaster.master][INFO] 2023-06-29 19:23:12,545: +CACHEDPARAM [/rosout_disable_topics_generation] by /rosbridge_websocket
[rosmaster.master][INFO] 2023-06-29 19:23:12,710: +CACHEDPARAM [/rosout_disable_topics_generation] by /rosbridge_websocket
[rosmaster.master][INFO] 2023-06-29 19:23:12,844: +SUB [/move_base/status] /rosbridge_websocket http://233a52f6384a:43593/
[rosmaster.master][INFO] 2023-06-29 19:23:12,848: +CACHEDPARAM [/rosout_disable_topics_generation] by /rosbridge_websocket
[rosmaster.master][INFO] 2023-06-29 19:23:12,865: +SUB [/move_base/feedback] /rosbridge_websocket http://233a52f6384a:43593/
[rosmaster.master][INFO] 2023-06-29 19:23:12,868: +CACHEDPARAM [/rosout_disable_topics_generation] by /rosbridge_websocket
[rosmaster.master][INFO] 2023-06-29 19:23:12,871: +SUB [/move_base/result] /rosbridge_websocket http://233a52f6384a:43593/
[rosmaster.master][INFO] 2023-06-29 19:23:12,885: +CACHEDPARAM [/rosout_disable_topics_generation] by /rosbridge_websocket
[rosmaster.master][INFO] 2023-06-29 19:23:12,890: +SUB [/robot_pose] /rosbridge_websocket http://233a52f6384a:43593/
[rosmaster.master][INFO] 2023-06-29 19:23:12,891: +CACHEDPARAM [/rosout_disable_topics_generation] by /rosbridge_websocket
[rosmaster.master][INFO] 2023-06-29 19:23:12,901: +PUB [/tf2_web_republisher/goal] /rosbridge_websocket http://233a52f6384a:43593/
[rosmaster.master][INFO] 2023-06-29 19:23:12,916: publisherUpdate[/tf2_web_republisher/goal] -> http://233a52f6384a:36619/ ['http://233a52f6384a:43593/']
[rosmaster.master][INFO] 2023-06-29 19:23:12,937: publisherUpdate[/tf2_web_republisher/goal] -> http://233a52f6384a:36619/ ['http://233a52f6384a:43593/']: sec=0.02, result=[1, '', 0]
[rosmaster.master][INFO] 2023-06-29 19:23:12,952: +PUB [/tf2_web_republisher/cancel] /rosbridge_websocket http://233a52f6384a:43593/
[rosmaster.master][INFO] 2023-06-29 19:23:12,978: +SUB [/tf2_web_republisher/feedback] /rosbridge_websocket http://233a52f6384a:43593/
[rosmaster.master][INFO] 2023-06-29 19:23:12,984: +CACHEDPARAM [/rosout_disable_topics_generation] by /rosbridge_websocket
[rosmaster.master][INFO] 2023-06-29 19:23:13,152: publisherUpdate[/tf2_web_republisher/cancel] -> http://233a52f6384a:36619/ ['http://233a52f6384a:43593/']
[rosmaster.master][INFO] 2023-06-29 19:23:13,157: publisherUpdate[/tf2_web_republisher/cancel] -> http://233a52f6384a:36619/ ['http://233a52f6384a:43593/']: sec=0.01, result=[1, '', 0]
[rosmaster.master][INFO] 2023-06-29 19:23:16,946: +PUB [/rosout] /map_saver http://233a52f6384a:45275/
[rosmaster.master][INFO] 2023-06-29 19:23:16,947: +SERVICE [/map_saver/get_loggers] /map_saver http://233a52f6384a:45275/
[rosmaster.master][INFO] 2023-06-29 19:23:16,949: +SERVICE [/map_saver/set_logger_level] /map_saver http://233a52f6384a:45275/
[rosmaster.master][INFO] 2023-06-29 19:23:16,953: +SUB [/clock] /map_saver http://233a52f6384a:45275/
[rosmaster.master][INFO] 2023-06-29 19:23:16,955: +CACHEDPARAM [/rosout_disable_topics_generation] by /map_saver
[rosmaster.master][INFO] 2023-06-29 19:23:16,957: +SUB [/map] /map_saver http://233a52f6384a:45275/
[rosmaster.master][INFO] 2023-06-29 19:23:17,683: publisherUpdate[/rosout] -> http://233a52f6384a:42609/ ['http://233a52f6384a:43315/', 'http://233a52f6384a:43521/', 'http://233a52f6384a:40437/', 'http://233a52f6384a:36619/', 'http://233a52f6384a:36661/', 'http://233a52f6384a:41331/', 'http://233a52f6384a:43593/', 'http://233a52f6384a:36017/', 'http://233a52f6384a:41307/', 'http://233a52f6384a:45275/']
[rosmaster.master][INFO] 2023-06-29 19:23:17,692: publisherUpdate[/rosout] -> http://233a52f6384a:42609/ ['http://233a52f6384a:43315/', 'http://233a52f6384a:43521/', 'http://233a52f6384a:40437/', 'http://233a52f6384a:36619/', 'http://233a52f6384a:36661/', 'http://233a52f6384a:41331/', 'http://233a52f6384a:43593/', 'http://233a52f6384a:36017/', 'http://233a52f6384a:41307/', 'http://233a52f6384a:45275/']: sec=0.01, result=[1, '', 0]
[rosmaster.master][INFO] 2023-06-29 19:23:17,783: -SUB [/map] /map_saver http://233a52f6384a:45275/
[rosmaster.master][INFO] 2023-06-29 19:23:17,893: -PUB [/rosout] /map_saver http://233a52f6384a:45275/
[rosmaster.master][INFO] 2023-06-29 19:23:17,893: publisherUpdate[/rosout] -> http://233a52f6384a:42609/ ['http://233a52f6384a:43315/', 'http://233a52f6384a:43521/', 'http://233a52f6384a:40437/', 'http://233a52f6384a:36619/', 'http://233a52f6384a:36661/', 'http://233a52f6384a:41331/', 'http://233a52f6384a:43593/', 'http://233a52f6384a:36017/', 'http://233a52f6384a:41307/']
[rosmaster.master][INFO] 2023-06-29 19:23:17,894: -SUB [/clock] /map_saver http://233a52f6384a:45275/
[rosmaster.master][INFO] 2023-06-29 19:23:17,895: -SERVICE [/map_saver/get_loggers] /map_saver rosrpc://233a52f6384a:57497
[rosmaster.master][INFO] 2023-06-29 19:23:17,896: -SERVICE [/map_saver/set_logger_level] /map_saver rosrpc://233a52f6384a:57497
[rosmaster.master][INFO] 2023-06-29 19:23:17,897: publisherUpdate[/rosout] -> http://233a52f6384a:42609/ ['http://233a52f6384a:43315/', 'http://233a52f6384a:43521/', 'http://233a52f6384a:40437/', 'http://233a52f6384a:36619/', 'http://233a52f6384a:36661/', 'http://233a52f6384a:41331/', 'http://233a52f6384a:43593/', 'http://233a52f6384a:36017/', 'http://233a52f6384a:41307/']: sec=0.00, result=[1, '', 0]
[rosmaster.master][INFO] 2023-06-29 19:23:17,898: -CACHEDPARAM [/rosout_disable_topics_generation] by /map_saver
