Dbg [parser.cc:574] Converting a deprecated source[/opt/ros/noetic/share/turtlebot3_gazebo/worlds/turtlebot3_world.world].
Dbg [Converter.cc:68] Version[1.4] to Version[1.7]
  Please use the gz sdf tool to update your SDF files.
    $ gz sdf -c [sdf_file]
Dbg [parser.cc:574] Converting a deprecated source[/usr/share/gazebo-11/models/sun/model.sdf].
Dbg [Converter.cc:68] Version[1.5] to Version[1.7]
  Please use the gz sdf tool to update your SDF files.
    $ gz sdf -c [sdf_file]
Dbg [parser.cc:574] Converting a deprecated source[/usr/share/gazebo-11/models/ground_plane/model.sdf].
Dbg [Converter.cc:68] Version[1.5] to Version[1.7]
  Please use the gz sdf tool to update your SDF files.
    $ gz sdf -c [sdf_file]
Dbg [parser.cc:574] Converting a deprecated source[/opt/ros/noetic/share/turtlebot3_gazebo/models/turtlebot3_world/model.sdf].
Dbg [Converter.cc:68] Version[1.5] to Version[1.7]
  Please use the gz sdf tool to update your SDF files.
    $ gz sdf -c [sdf_file]
Dbg [parser_urdf.cc:1511] extension [<sensor name="imu" type="imu"><always_on>true</always_on><visualize>false</visualize></sensor>] not converted from URDF, probably already in SDF format.
Dbg [parser_urdf.cc:1511] extension [<plugin filename="libgazebo_ros_diff_drive.so" name="turtlebot3_burger_controller"><commandTopic>cmd_vel</commandTopic><odometryTopic>odom</odometryTopic><odometryFrame>odom</odometryFrame><odometrySource>world</odometrySource><publishOdomTF>true</publishOdomTF><robotBaseFrame>base_footprint</robotBaseFrame><publishWheelTF>false</publishWheelTF><publishTf>true</publishTf><publishWheelJointState>true</publishWheelJointState><legacyMode>false</legacyMode><updateRate>30</updateRate><leftJoint>wheel_left_joint</leftJoint><rightJoint>wheel_right_joint</rightJoint><wheelSeparation>0.160</wheelSeparation><wheelDiameter>0.066</wheelDiameter><wheelAcceleration>1</wheelAcceleration><wheelTorque>10</wheelTorque><rosDebugLevel>na</rosDebugLevel><robotNamespace>/</robotNamespace></plugin>] not converted from URDF, probably already in SDF format.
Dbg [parser_urdf.cc:1511] extension [<plugin filename="libgazebo_ros_imu.so" name="imu_plugin"><alwaysOn>true</alwaysOn><bodyName>imu_link</bodyName><frameName>imu_link</frameName><topicName>imu</topicName><serviceName>imu_service</serviceName><gaussianNoise>0.0</gaussianNoise><updateRate>0</updateRate><imu><noise><type>gaussian</type><rate><mean>0.0</mean><stddev>2e-4</stddev><bias_mean>0.0000075</bias_mean><bias_stddev>0.0000008</bias_stddev></rate><accel><mean>0.0</mean><stddev>1.7e-2</stddev><bias_mean>0.1</bias_mean><bias_stddev>0.001</bias_stddev></accel></noise></imu><robotNamespace>/</robotNamespace></plugin>] not converted from URDF, probably already in SDF format.
Dbg [parser_urdf.cc:1511] extension [<sensor name="lds_lfcd_sensor" type="ray"><pose>0 0 0 0 0 0</pose><visualize>false</visualize><update_rate>5</update_rate><ray><scan><horizontal><samples>360</samples><resolution>1</resolution><min_angle>0.0</min_angle><max_angle>6.28319</max_angle></horizontal></scan><range><min>0.120</min><max>3.5</max><resolution>0.015</resolution></range><noise><type>gaussian</type><mean>0.0</mean><stddev>0.01</stddev></noise></ray><plugin filename="libgazebo_ros_laser.so" name="gazebo_ros_lds_lfcd_controller"><topicName>scan</topicName><frameName>base_scan</frameName><robotNamespace>/</robotNamespace></plugin></sensor>] not converted from URDF, probably already in SDF format.
Dbg [parser_urdf.cc:418] Fixed Joint Reduction: extension lumping from [caster_back_link] to [base_link]
Dbg [parser_urdf.cc:2448]   REDUCE EXTENSION: moving reference from [caster_back_link] to [base_link]
Dbg [parser_urdf.cc:2514]   STRING REPLACE: instances of _link name [caster_back_link] with [base_link]
Dbg [parser_urdf.cc:2522]         INITIAL STRING link [caster_back_link]-->[base_link]: [<plugin filename="libgazebo_ros_diff_drive.so" name="turtlebot3_burger_controller"><commandTopic>cmd_vel</commandTopic><odometryTopic>odom</odometryTopic><odometryFrame>odom</odometryFrame><odometrySource>world</odometrySource><publishOdomTF>true</publishOdomTF><robotBaseFrame>base_footprint</robotBaseFrame><publishWheelTF>false</publishWheelTF><publishTf>true</publishTf><publishWheelJointState>true</publishWheelJointState><legacyMode>false</legacyMode><updateRate>30</updateRate><leftJoint>wheel_left_joint</leftJoint><rightJoint>wheel_right_joint</rightJoint><wheelSeparation>0.160</wheelSeparation><wheelDiameter>0.066</wheelDiameter><wheelAcceleration>1</wheelAcceleration><wheelTorque>10</wheelTorque><rosDebugLevel>na</rosDebugLevel><robotNamespace>/</robotNamespace></plugin>]
Dbg [parser_urdf.cc:2514]   STRING REPLACE: instances of _link name [caster_back_link] with [base_link]
Dbg [parser_urdf.cc:2522]         INITIAL STRING link [caster_back_link]-->[base_link]: [<plugin filename="libgazebo_ros_imu.so" name="imu_plugin"><alwaysOn>true</alwaysOn><bodyName>imu_link</bodyName><frameName>imu_link</frameName><topicName>imu</topicName><serviceName>imu_service</serviceName><gaussianNoise>0.0</gaussianNoise><updateRate>0</updateRate><imu><noise><type>gaussian</type><rate><mean>0.0</mean><stddev>2e-4</stddev><bias_mean>0.0000075</bias_mean><bias_stddev>0.0000008</bias_stddev></rate><accel><mean>0.0</mean><stddev>1.7e-2</stddev><bias_mean>0.1</bias_mean><bias_stddev>0.001</bias_stddev></accel></noise></imu><robotNamespace>/</robotNamespace></plugin>]
Dbg [parser_urdf.cc:2514]   STRING REPLACE: instances of _link name [caster_back_link] with [base_link]
Dbg [parser_urdf.cc:2514]   STRING REPLACE: instances of _link name [caster_back_link] with [base_link]
Dbg [parser_urdf.cc:2514]   STRING REPLACE: instances of _link name [caster_back_link] with [base_link]
Dbg [parser_urdf.cc:2522]         INITIAL STRING link [caster_back_link]-->[base_link]: [<sensor name="lds_lfcd_sensor" type="ray"><pose>0 0 0 0 0 0</pose><visualize>false</visualize><update_rate>5</update_rate><ray><scan><horizontal><samples>360</samples><resolution>1</resolution><min_angle>0.0</min_angle><max_angle>6.28319</max_angle></horizontal></scan><range><min>0.120</min><max>3.5</max><resolution>0.015</resolution></range><noise><type>gaussian</type><mean>0.0</mean><stddev>0.01</stddev></noise></ray><plugin filename="libgazebo_ros_laser.so" name="gazebo_ros_lds_lfcd_controller"><topicName>scan</topicName><frameName>base_scan</frameName><robotNamespace>/</robotNamespace></plugin></sensor>]
Dbg [parser_urdf.cc:2514]   STRING REPLACE: instances of _link name [caster_back_link] with [base_link]
Dbg [parser_urdf.cc:2522]         INITIAL STRING link [caster_back_link]-->[base_link]: [<sensor name="imu" type="imu"><always_on>true</always_on><visualize>false</visualize></sensor>]
Dbg [parser_urdf.cc:2514]   STRING REPLACE: instances of _link name [caster_back_link] with [base_link]
Dbg [parser_urdf.cc:2514]   STRING REPLACE: instances of _link name [caster_back_link] with [base_link]
Dbg [parser_urdf.cc:717] LINK NAME: [parent: base_link] from dMass
Dbg [parser_urdf.cc:718]      MASS: [0.825735]
Dbg [parser_urdf.cc:719]        CG: [0, 0, 0]
Dbg [parser_urdf.cc:721]         I: [0.00221244, -1.22941e-05, 3.49388e-05]
Dbg [parser_urdf.cc:723]            [-1.22941e-05, 0.00211937, -5.01209e-06]
Dbg [parser_urdf.cc:725]            [3.49388e-05, -5.01209e-06, 0.00200643]
Dbg [parser_urdf.cc:717] LINK NAME: [link : caster_back_link] from dMass
Dbg [parser_urdf.cc:718]      MASS: [0.005]
Dbg [parser_urdf.cc:719]        CG: [0, 0, 0]
Dbg [parser_urdf.cc:721]         I: [0.001, 0, 0]
Dbg [parser_urdf.cc:723]            [0, 0.001, 0]
Dbg [parser_urdf.cc:725]            [0, 0, 0.001]
Dbg [parser_urdf.cc:717] LINK NAME: [link in parent link: caster_back_link] from dMass
Dbg [parser_urdf.cc:718]      MASS: [0.005]
Dbg [parser_urdf.cc:719]        CG: [-0.081, 0, -0.004]
Dbg [parser_urdf.cc:721]         I: [0.00100008, 0, -1.62e-06]
Dbg [parser_urdf.cc:723]            [0, 0.00103289, 1.05879e-22]
Dbg [parser_urdf.cc:725]            [-1.62e-06, 1.05879e-22, 0.0010328]
Dbg [parser_urdf.cc:717] LINK NAME: [combined: base_link] from dMass
Dbg [parser_urdf.cc:718]      MASS: [0.830735]
Dbg [parser_urdf.cc:719]        CG: [-0.00048752, 0, -2.40751e-05]
Dbg [parser_urdf.cc:721]         I: [0.00321252, -1.22941e-05, 3.33188e-05]
Dbg [parser_urdf.cc:723]            [-1.22941e-05, 0.00315226, -5.01209e-06]
Dbg [parser_urdf.cc:725]            [3.33188e-05, -5.01209e-06, 0.00303923]
Dbg [parser_urdf.cc:733] LINK NAME: [base_link] from dMass
Dbg [parser_urdf.cc:734]      MASS: [0.830735]
Dbg [parser_urdf.cc:735]        CG: [-0.00048752, 0, -2.40751e-05]
Dbg [parser_urdf.cc:738]         I: [0.00321252, -1.22941e-05, 3.33285e-05]
Dbg [parser_urdf.cc:741]            [-1.22941e-05, 0.00315206, -5.01209e-06]
Dbg [parser_urdf.cc:744]            [3.33285e-05, -5.01209e-06, 0.00303903]
Dbg [parser_urdf.cc:1003] lumping collision [] for link [caster_back_link] to parent [base_link] with name [caster_back_link]
Dbg [parser_urdf.cc:418] Fixed Joint Reduction: extension lumping from [imu_link] to [base_link]
Dbg [parser_urdf.cc:2448]   REDUCE EXTENSION: moving reference from [imu_link] to [base_link]
Dbg [parser_urdf.cc:2514]   STRING REPLACE: instances of _link name [imu_link] with [base_link]
Dbg [parser_urdf.cc:2522]         INITIAL STRING link [imu_link]-->[base_link]: [<plugin filename="libgazebo_ros_diff_drive.so" name="turtlebot3_burger_controller"><commandTopic>cmd_vel</commandTopic><odometryTopic>odom</odometryTopic><odometryFrame>odom</odometryFrame><odometrySource>world</odometrySource><publishOdomTF>true</publishOdomTF><robotBaseFrame>base_footprint</robotBaseFrame><publishWheelTF>false</publishWheelTF><publishTf>true</publishTf><publishWheelJointState>true</publishWheelJointState><legacyMode>false</legacyMode><updateRate>30</updateRate><leftJoint>wheel_left_joint</leftJoint><rightJoint>wheel_right_joint</rightJoint><wheelSeparation>0.160</wheelSeparation><wheelDiameter>0.066</wheelDiameter><wheelAcceleration>1</wheelAcceleration><wheelTorque>10</wheelTorque><rosDebugLevel>na</rosDebugLevel><robotNamespace>/</robotNamespace></plugin>]
Dbg [parser_urdf.cc:2514]   STRING REPLACE: instances of _link name [imu_link] with [base_link]
Dbg [parser_urdf.cc:2522]         INITIAL STRING link [imu_link]-->[base_link]: [<plugin filename="libgazebo_ros_imu.so" name="imu_plugin"><alwaysOn>true</alwaysOn><bodyName>imu_link</bodyName><frameName>imu_link</frameName><topicName>imu</topicName><serviceName>imu_service</serviceName><gaussianNoise>0.0</gaussianNoise><updateRate>0</updateRate><imu><noise><type>gaussian</type><rate><mean>0.0</mean><stddev>2e-4</stddev><bias_mean>0.0000075</bias_mean><bias_stddev>0.0000008</bias_stddev></rate><accel><mean>0.0</mean><stddev>1.7e-2</stddev><bias_mean>0.1</bias_mean><bias_stddev>0.001</bias_stddev></accel></noise></imu><robotNamespace>/</robotNamespace></plugin>]
Dbg [parser_urdf.cc:2514]   STRING REPLACE: instances of _link name [imu_link] with [base_link]
Dbg [parser_urdf.cc:2514]   STRING REPLACE: instances of _link name [imu_link] with [base_link]
Dbg [parser_urdf.cc:2514]   STRING REPLACE: instances of _link name [imu_link] with [base_link]
Dbg [parser_urdf.cc:2522]         INITIAL STRING link [imu_link]-->[base_link]: [<sensor name="imu" type="imu"><always_on>true</always_on><visualize>false</visualize><pose>-0.032 0 0.068 0 -0 0</pose></sensor>]
Dbg [parser_urdf.cc:2514]   STRING REPLACE: instances of _link name [imu_link] with [base_link]
Dbg [parser_urdf.cc:2522]         INITIAL STRING link [imu_link]-->[base_link]: [<sensor name="lds_lfcd_sensor" type="ray"><pose>0 0 0 0 0 0</pose><visualize>false</visualize><update_rate>5</update_rate><ray><scan><horizontal><samples>360</samples><resolution>1</resolution><min_angle>0.0</min_angle><max_angle>6.28319</max_angle></horizontal></scan><range><min>0.120</min><max>3.5</max><resolution>0.015</resolution></range><noise><type>gaussian</type><mean>0.0</mean><stddev>0.01</stddev></noise></ray><plugin filename="libgazebo_ros_laser.so" name="gazebo_ros_lds_lfcd_controller"><topicName>scan</topicName><frameName>base_scan</frameName><robotNamespace>/</robotNamespace></plugin></sensor>]
Dbg [parser_urdf.cc:2514]   STRING REPLACE: instances of _link name [imu_link] with [base_link]
Dbg [parser_urdf.cc:2514]   STRING REPLACE: instances of _link name [imu_link] with [base_link]
Dbg [parser_urdf.cc:418] Fixed Joint Reduction: extension lumping from [base_scan] to [base_link]
Dbg [parser_urdf.cc:2448]   REDUCE EXTENSION: moving reference from [base_scan] to [base_link]
Dbg [parser_urdf.cc:2514]   STRING REPLACE: instances of _link name [base_scan] with [base_link]
Dbg [parser_urdf.cc:2522]         INITIAL STRING link [base_scan]-->[base_link]: [<plugin filename="libgazebo_ros_diff_drive.so" name="turtlebot3_burger_controller"><commandTopic>cmd_vel</commandTopic><odometryTopic>odom</odometryTopic><odometryFrame>odom</odometryFrame><odometrySource>world</odometrySource><publishOdomTF>true</publishOdomTF><robotBaseFrame>base_footprint</robotBaseFrame><publishWheelTF>false</publishWheelTF><publishTf>true</publishTf><publishWheelJointState>true</publishWheelJointState><legacyMode>false</legacyMode><updateRate>30</updateRate><leftJoint>wheel_left_joint</leftJoint><rightJoint>wheel_right_joint</rightJoint><wheelSeparation>0.160</wheelSeparation><wheelDiameter>0.066</wheelDiameter><wheelAcceleration>1</wheelAcceleration><wheelTorque>10</wheelTorque><rosDebugLevel>na</rosDebugLevel><robotNamespace>/</robotNamespace></plugin>]
Dbg [parser_urdf.cc:2514]   STRING REPLACE: instances of _link name [base_scan] with [base_link]
Dbg [parser_urdf.cc:2522]         INITIAL STRING link [base_scan]-->[base_link]: [<plugin filename="libgazebo_ros_imu.so" name="imu_plugin"><alwaysOn>true</alwaysOn><topicName>imu</topicName><serviceName>imu_service</serviceName><gaussianNoise>0.0</gaussianNoise><updateRate>0</updateRate><imu><noise><type>gaussian</type><rate><mean>0.0</mean><stddev>2e-4</stddev><bias_mean>0.0000075</bias_mean><bias_stddev>0.0000008</bias_stddev></rate><accel><mean>0.0</mean><stddev>1.7e-2</stddev><bias_mean>0.1</bias_mean><bias_stddev>0.001</bias_stddev></accel></noise></imu><robotNamespace>/</robotNamespace><bodyName>base_link</bodyName><frameName>base_link</frameName><xyzOffset>-0.064 0 0.136</xyzOffset><rpyOffset>0 -0 0</rpyOffset><ignition::corrected_offsets>1</ignition::corrected_offsets></plugin>]
Dbg [parser_urdf.cc:2514]   STRING REPLACE: instances of _link name [base_scan] with [base_link]
Dbg [parser_urdf.cc:2514]   STRING REPLACE: instances of _link name [base_scan] with [base_link]
Dbg [parser_urdf.cc:2514]   STRING REPLACE: instances of _link name [base_scan] with [base_link]
Dbg [parser_urdf.cc:2522]         INITIAL STRING link [base_scan]-->[base_link]: [<sensor name="imu" type="imu"><always_on>true</always_on><visualize>false</visualize><pose>-0.032 0 0.068 0 -0 0</pose></sensor>]
Dbg [parser_urdf.cc:2514]   STRING REPLACE: instances of _link name [base_scan] with [base_link]
Dbg [parser_urdf.cc:2522]         INITIAL STRING link [base_scan]-->[base_link]: [<sensor name="lds_lfcd_sensor" type="ray"><visualize>false</visualize><update_rate>5</update_rate><ray><scan><horizontal><samples>360</samples><resolution>1</resolution><min_angle>0.0</min_angle><max_angle>6.28319</max_angle></horizontal></scan><range><min>0.120</min><max>3.5</max><resolution>0.015</resolution></range><noise><type>gaussian</type><mean>0.0</mean><stddev>0.01</stddev></noise></ray><plugin filename="libgazebo_ros_laser.so" name="gazebo_ros_lds_lfcd_controller"><topicName>scan</topicName><frameName>base_scan</frameName><robotNamespace>/</robotNamespace></plugin><pose>-0.032 0 0.172 0 -0 0</pose></sensor>]
Dbg [parser_urdf.cc:2514]   STRING REPLACE: instances of _link name [base_scan] with [base_link]
Dbg [parser_urdf.cc:2514]   STRING REPLACE: instances of _link name [base_scan] with [base_link]
Dbg [parser_urdf.cc:717] LINK NAME: [parent: base_link] from dMass
Dbg [parser_urdf.cc:718]      MASS: [0.830735]
Dbg [parser_urdf.cc:719]        CG: [-0.00048752, 0, -2.40751e-05]
Dbg [parser_urdf.cc:721]         I: [0.00321252, -1.22941e-05, 3.33188e-05]
Dbg [parser_urdf.cc:723]            [-1.22941e-05, 0.00315226, -5.01209e-06]
Dbg [parser_urdf.cc:725]            [3.33188e-05, -5.01209e-06, 0.00303923]
Dbg [parser_urdf.cc:717] LINK NAME: [link : base_scan] from dMass
Dbg [parser_urdf.cc:718]      MASS: [0.114]
Dbg [parser_urdf.cc:719]        CG: [0, 0, 0]
Dbg [parser_urdf.cc:721]         I: [0.001, 0, 0]
Dbg [parser_urdf.cc:723]            [0, 0.001, 0]
Dbg [parser_urdf.cc:725]            [0, 0, 0.001]
Dbg [parser_urdf.cc:717] LINK NAME: [link in parent link: base_scan] from dMass
Dbg [parser_urdf.cc:718]      MASS: [0.114]
Dbg [parser_urdf.cc:719]        CG: [-0.032, 0, 0.172]
Dbg [parser_urdf.cc:721]         I: [0.00437258, 0, 0.000627456]
Dbg [parser_urdf.cc:723]            [0, 0.00448931, 0]
Dbg [parser_urdf.cc:725]            [0.000627456, 0, 0.00111674]
Dbg [parser_urdf.cc:717] LINK NAME: [combined: base_link] from dMass
Dbg [parser_urdf.cc:718]      MASS: [0.944735]
Dbg [parser_urdf.cc:719]        CG: [-0.00429009, 0, 0.0207339]
Dbg [parser_urdf.cc:721]         I: [0.0075851, -1.22941e-05, 0.000660775]
Dbg [parser_urdf.cc:723]            [-1.22941e-05, 0.00764157, -5.01209e-06]
Dbg [parser_urdf.cc:725]            [0.000660775, -5.01209e-06, 0.00415597]
Dbg [parser_urdf.cc:733] LINK NAME: [base_link] from dMass
Dbg [parser_urdf.cc:734]      MASS: [0.944735]
Dbg [parser_urdf.cc:735]        CG: [-0.00429009, 0, 0.0207339]
Dbg [parser_urdf.cc:738]         I: [0.00717896, -1.22941e-05, 0.00057674]
Dbg [parser_urdf.cc:741]            [-1.22941e-05, 0.00721804, -5.01209e-06]
Dbg [parser_urdf.cc:744]            [0.00057674, -5.01209e-06, 0.00413858]
Dbg [parser_urdf.cc:944] lumping visual [] for link [base_scan] to parent [base_link] with name [base_scan]
Dbg [parser_urdf.cc:1003] lumping collision [] for link [base_scan] to parent [base_link] with name [base_scan]
Dbg [parser_urdf.cc:418] Fixed Joint Reduction: extension lumping from [base_link] to [base_footprint]
Dbg [parser_urdf.cc:2448]   REDUCE EXTENSION: moving reference from [base_link] to [base_footprint]
Dbg [parser_urdf.cc:2514]   STRING REPLACE: instances of _link name [base_link] with [base_footprint]
Dbg [parser_urdf.cc:2522]         INITIAL STRING link [base_link]-->[base_footprint]: [<plugin filename="libgazebo_ros_diff_drive.so" name="turtlebot3_burger_controller"><commandTopic>cmd_vel</commandTopic><odometryTopic>odom</odometryTopic><odometryFrame>odom</odometryFrame><odometrySource>world</odometrySource><publishOdomTF>true</publishOdomTF><robotBaseFrame>base_footprint</robotBaseFrame><publishWheelTF>false</publishWheelTF><publishTf>true</publishTf><publishWheelJointState>true</publishWheelJointState><legacyMode>false</legacyMode><updateRate>30</updateRate><leftJoint>wheel_left_joint</leftJoint><rightJoint>wheel_right_joint</rightJoint><wheelSeparation>0.160</wheelSeparation><wheelDiameter>0.066</wheelDiameter><wheelAcceleration>1</wheelAcceleration><wheelTorque>10</wheelTorque><rosDebugLevel>na</rosDebugLevel><robotNamespace>/</robotNamespace></plugin>]
Dbg [parser_urdf.cc:2514]   STRING REPLACE: instances of _link name [base_link] with [base_footprint]
Dbg [parser_urdf.cc:2522]         INITIAL STRING link [base_link]-->[base_footprint]: [<plugin filename="libgazebo_ros_imu.so" name="imu_plugin"><alwaysOn>true</alwaysOn><topicName>imu</topicName><serviceName>imu_service</serviceName><gaussianNoise>0.0</gaussianNoise><updateRate>0</updateRate><imu><noise><type>gaussian</type><rate><mean>0.0</mean><stddev>2e-4</stddev><bias_mean>0.0000075</bias_mean><bias_stddev>0.0000008</bias_stddev></rate><accel><mean>0.0</mean><stddev>1.7e-2</stddev><bias_mean>0.1</bias_mean><bias_stddev>0.001</bias_stddev></accel></noise></imu><robotNamespace>/</robotNamespace><bodyName>base_link</bodyName><frameName>base_link</frameName><xyzOffset>-0.064 0 0.136</xyzOffset><rpyOffset>0 -0 0</rpyOffset><ignition::corrected_offsets>1</ignition::corrected_offsets></plugin>]
Dbg [parser_urdf.cc:2514]   STRING REPLACE: instances of _link name [base_link] with [base_footprint]
Dbg [parser_urdf.cc:2514]   STRING REPLACE: instances of _link name [base_link] with [base_footprint]
Dbg [parser_urdf.cc:2514]   STRING REPLACE: instances of _link name [base_link] with [base_footprint]
Dbg [parser_urdf.cc:2522]         INITIAL STRING link [base_link]-->[base_footprint]: [<sensor name="imu" type="imu"><always_on>true</always_on><visualize>false</visualize><pose>-0.032 0 0.078 0 -0 0</pose></sensor>]
Dbg [parser_urdf.cc:2514]   STRING REPLACE: instances of _link name [base_link] with [base_footprint]
Dbg [parser_urdf.cc:2522]         INITIAL STRING link [base_link]-->[base_footprint]: [<sensor name="lds_lfcd_sensor" type="ray"><visualize>false</visualize><update_rate>5</update_rate><ray><scan><horizontal><samples>360</samples><resolution>1</resolution><min_angle>0.0</min_angle><max_angle>6.28319</max_angle></horizontal></scan><range><min>0.120</min><max>3.5</max><resolution>0.015</resolution></range><noise><type>gaussian</type><mean>0.0</mean><stddev>0.01</stddev></noise></ray><plugin filename="libgazebo_ros_laser.so" name="gazebo_ros_lds_lfcd_controller"><topicName>scan</topicName><frameName>base_scan</frameName><robotNamespace>/</robotNamespace></plugin><pose>-0.032 0 0.182 0 -0 0</pose></sensor>]
Dbg [parser_urdf.cc:2514]   STRING REPLACE: instances of _link name [base_link] with [base_footprint]
Dbg [parser_urdf.cc:2514]   STRING REPLACE: instances of _link name [base_link] with [base_footprint]
Dbg [parser_urdf.cc:717] LINK NAME: [parent: base_footprint] from dMass
Dbg [parser_urdf.cc:718]      MASS: [0]
Dbg [parser_urdf.cc:719]        CG: [0, 0, 0]
Dbg [parser_urdf.cc:721]         I: [0, 0, 0]
Dbg [parser_urdf.cc:723]            [0, 0, 0]
Dbg [parser_urdf.cc:725]            [0, 0, 0]
Dbg [parser_urdf.cc:717] LINK NAME: [link : base_link] from dMass
Dbg [parser_urdf.cc:718]      MASS: [0.944735]
Dbg [parser_urdf.cc:719]        CG: [0, 0, 0]
Dbg [parser_urdf.cc:721]         I: [0.00717896, -1.22941e-05, 0.00057674]
Dbg [parser_urdf.cc:723]            [-1.22941e-05, 0.00721804, -5.01209e-06]
Dbg [parser_urdf.cc:725]            [0.00057674, -5.01209e-06, 0.00413858]
Dbg [parser_urdf.cc:717] LINK NAME: [link in parent link: base_link] from dMass
Dbg [parser_urdf.cc:718]      MASS: [0.944735]
Dbg [parser_urdf.cc:719]        CG: [-0.00429009, 0, 0.0307339]
Dbg [parser_urdf.cc:721]         I: [0.00807133, -1.22941e-05, 0.000701305]
Dbg [parser_urdf.cc:723]            [-1.22941e-05, 0.0081278, -5.01209e-06]
Dbg [parser_urdf.cc:725]            [0.000701305, -5.01209e-06, 0.00415597]
Dbg [parser_urdf.cc:717] LINK NAME: [combined: base_footprint] from dMass
Dbg [parser_urdf.cc:718]      MASS: [0.944735]
Dbg [parser_urdf.cc:719]        CG: [-0.00429009, 0, 0.0307339]
Dbg [parser_urdf.cc:721]         I: [0.00807133, -1.22941e-05, 0.000701305]
Dbg [parser_urdf.cc:723]            [-1.22941e-05, 0.0081278, -5.01209e-06]
Dbg [parser_urdf.cc:725]            [0.000701305, -5.01209e-06, 0.00415597]
Dbg [parser_urdf.cc:733] LINK NAME: [base_footprint] from dMass
Dbg [parser_urdf.cc:734]      MASS: [0.944735]
Dbg [parser_urdf.cc:735]        CG: [-0.00429009, 0, 0.0307339]
Dbg [parser_urdf.cc:738]         I: [0.00717896, -1.22941e-05, 0.00057674]
Dbg [parser_urdf.cc:741]            [-1.22941e-05, 0.00721804, -5.01209e-06]
Dbg [parser_urdf.cc:744]            [0.00057674, -5.01209e-06, 0.00413858]
Dbg [parser_urdf.cc:944] lumping visual [] for link [base_link] to parent [base_footprint] with name [base_link]
Dbg [parser_urdf.cc:944] lumping visual [base_scan] for link [base_link] to parent [base_footprint] with name [base_scan]
Dbg [parser_urdf.cc:1003] lumping collision [] for link [base_link] to parent [base_footprint] with name [base_link]
Dbg [parser_urdf.cc:1003] lumping collision [caster_back_link] for link [base_link] to parent [base_footprint] with name [caster_back_link]
Dbg [parser_urdf.cc:1003] lumping collision [base_scan] for link [base_link] to parent [base_footprint] with name [base_scan]
Dbg [parser_urdf.cc:2719] [base_footprint] has no parent joint
Dbg [parser_urdf.cc:2763] creating collision for link [base_footprint] collision [base_link]
Dbg [parser_urdf.cc:2763] creating collision for link [base_footprint] collision [caster_back_link]
Dbg [parser_urdf.cc:2763] creating collision for link [base_footprint] collision [base_scan]
Dbg [parser_urdf.cc:2808] creating visual for link [base_footprint] visual [base_link]
Dbg [parser_urdf.cc:2808] creating visual for link [base_footprint] visual [base_scan]
Dbg [parser_urdf.cc:2060] inserting extension with reference [base_footprint] into link.
Dbg [parser_urdf.cc:2643] urdf2sdf: link[imu_link] has no inertia, parent joint [imu_joint] ignored.
Dbg [parser_urdf.cc:2649] urdf2sdf: link[imu_link] has no inertia, not modeled in sdf
Dbg [parser_urdf.cc:2763] creating collision for link [wheel_left_link] collision []
Dbg [parser_urdf.cc:2808] creating visual for link [wheel_left_link] visual []
Dbg [parser_urdf.cc:2060] inserting extension with reference [wheel_left_link] into link.
Dbg [parser_urdf.cc:2763] creating collision for link [wheel_right_link] collision []
Dbg [parser_urdf.cc:2808] creating visual for link [wheel_right_link] visual []
Dbg [parser_urdf.cc:2060] inserting extension with reference [wheel_right_link] into link.
Dbg [parser_urdf.cc:1137] multiple consistent <static> exists with [false] due to fixed joint reduction.
Dbg [parser.cc:483] Parsing from urdf.
