

0.000000000  Node Startup
0.000000000 INFO /rosapi [rosapi_node:202(<module>)] [topics: /rosout, /clock] Rosapi started
0.000000000 INFO /spawn_urdf [gazebo_interface.py:27(spawn_urdf_model_client)] [topics: /clock, /rosout] Waiting for service /gazebo/spawn_urdf_model
0.000000000 INFO /rosbridge_websocket [rosbridge_websocket:312(<module>)] [topics: /clock, /client_count, /connected_clients, /rosout] Rosbridge WebSocket server started at ws://0.0.0.0:9090
0.000000000 INFO /gazebo [/tmp/binarydeb/ros-noetic-roscpp-1.16.0/src/libros/service.cpp:123(service::waitForService)] [topics: /rosout, /clock, /gazebo/link_states, /gazebo/model_states, /gazebo/performance_metrics] waitForService: Service [/gazebo/set_physics_properties] is now available.
0.000000000 INFO /spawn_urdf [gazebo_interface.py:31(spawn_urdf_model_client)] [topics: /clock, /rosout] Calling service /gazebo/spawn_urdf_model
0.000000000 INFO /spawn_urdf [gazebo_interface.py:33(spawn_urdf_model_client)] [topics: /clock, /rosout] Spawn status: SpawnModel: Successfully spawned entity
0.001000000 INFO /gazebo [/tmp/binarydeb/ros-noetic-gazebo-ros-2.9.2/src/gazebo_ros_api_plugin.cpp:2379(GazeboRosApiPlugin::physicsReconfigureThread)] [topics: /rosout, /clock, /gazebo/link_states, /gazebo/model_states, /gazebo/performance_metrics, /gazebo/parameter_descriptions, /gazebo/parameter_updates] Physics dynamic reconfigure ready.
0.001000000 INFO /gazebo [/tmp/binarydeb/ros-noetic-gazebo-plugins-2.9.2/include/gazebo_plugins/gazebo_ros_utils.h:99(string gazebo::GetRobotNamespace)] [topics: /rosout, /clock, /gazebo/link_states, /gazebo/model_states, /gazebo/performance_metrics, /gazebo/parameter_descriptions, /gazebo/parameter_updates] Laser Plugin: Using the 'robotNamespace' param: '/'
0.001000000 INFO /gazebo [/tmp/binarydeb/ros-noetic-gazebo-plugins-2.9.2/src/gazebo_ros_laser.cpp:115(GazeboRosLaser::Load)] [topics: /rosout, /clock, /gazebo/link_states, /gazebo/model_states, /gazebo/performance_metrics, /gazebo/parameter_descriptions, /gazebo/parameter_updates] Starting Laser Plugin (ns = /)
0.001000000 INFO /gazebo [/tmp/binarydeb/ros-noetic-gazebo-plugins-2.9.2/src/gazebo_ros_laser.cpp:134(GazeboRosLaser::LoadThread)] [topics: /rosout, /clock, /gazebo/link_states, /gazebo/model_states, /gazebo/performance_metrics, /gazebo/parameter_descriptions, /gazebo/parameter_updates] Laser Plugin (ns = /)  <tf_prefix_>, set to ""
0.001000000 INFO /gazebo [/tmp/binarydeb/ros-noetic-gazebo-plugins-2.9.2/src/gazebo_ros_utils.cpp:57(GazeboRos::readCommonParameter)] [topics: /rosout, /clock, /gazebo/link_states, /gazebo/model_states, /gazebo/performance_metrics, /gazebo/parameter_descriptions, /gazebo/parameter_updates, /scan] Starting plugin DiffDrive(ns = //)
0.001000000 INFO /gazebo [/tmp/binarydeb/ros-noetic-gazebo-plugins-2.9.2/src/gazebo_ros_utils.cpp:83(GazeboRos::readCommonParameter)] [topics: /rosout, /clock, /gazebo/link_states, /gazebo/model_states, /gazebo/performance_metrics, /gazebo/parameter_descriptions, /gazebo/parameter_updates, /scan] DiffDrive(ns = //): <rosDebugLevel> = na
0.001000000 INFO /gazebo [/tmp/binarydeb/ros-noetic-gazebo-plugins-2.9.2/src/gazebo_ros_utils.cpp:88(GazeboRos::readCommonParameter)] [topics: /rosout, /clock, /gazebo/link_states, /gazebo/model_states, /gazebo/performance_metrics, /gazebo/parameter_descriptions, /gazebo/parameter_updates, /scan] DiffDrive(ns = //): <tf_prefix> = 
0.001000000 INFO /gazebo [/tmp/binarydeb/ros-noetic-gazebo-plugins-2.9.2/src/gazebo_ros_diff_drive.cpp:151(GazeboRosDiffDrive::Load)] [topics: /rosout, /clock, /gazebo/link_states, /gazebo/model_states, /gazebo/performance_metrics, /gazebo/parameter_descriptions, /gazebo/parameter_updates, /scan, /joint_states] DiffDrive(ns = //): Advertise joint_states
0.001000000 INFO /gazebo [/tmp/binarydeb/ros-noetic-gazebo-plugins-2.9.2/src/gazebo_ros_diff_drive.cpp:157(GazeboRosDiffDrive::Load)] [topics: /rosout, /clock, /gazebo/link_states, /gazebo/model_states, /gazebo/performance_metrics, /gazebo/parameter_descriptions, /gazebo/parameter_updates, /scan, /joint_states, /tf] DiffDrive(ns = //): Try to subscribe to cmd_vel
0.001000000 INFO /gazebo [/tmp/binarydeb/ros-noetic-gazebo-plugins-2.9.2/src/gazebo_ros_diff_drive.cpp:165(GazeboRosDiffDrive::Load)] [topics: /rosout, /clock, /gazebo/link_states, /gazebo/model_states, /gazebo/performance_metrics, /gazebo/parameter_descriptions, /gazebo/parameter_updates, /scan, /joint_states, /tf] DiffDrive(ns = //): Subscribe to cmd_vel
0.001000000 INFO /gazebo [/tmp/binarydeb/ros-noetic-gazebo-plugins-2.9.2/src/gazebo_ros_diff_drive.cpp:170(GazeboRosDiffDrive::Load)] [topics: /rosout, /clock, /gazebo/link_states, /gazebo/model_states, /gazebo/performance_metrics, /gazebo/parameter_descriptions, /gazebo/parameter_updates, /scan, /joint_states, /tf, /odom] DiffDrive(ns = //): Advertise odom on odom 
0.245000000 INFO /turtlebot3_slam_gmapping [/tmp/binarydeb/ros-noetic-gmapping-1.4.2/src/slam_gmapping.cpp:460(initMapper)] [topics: /rosout, /tf, /turtlebot3_slam_gmapping/entropy, /map, /map_metadata] Laser is mounted upwards.
0.261000000 INFO /turtlebot3_slam_gmapping [/tmp/binarydeb/ros-noetic-gmapping-1.4.2/src/slam_gmapping.cpp:545(initMapper)] [topics: /rosout, /tf, /turtlebot3_slam_gmapping/entropy, /map, /map_metadata] Initialization complete
1.429000000 INFO /rosbridge_websocket [autobahn_websocket.py:195(RosbridgeWebSocket.onOpen)] [topics: /clock, /client_count, /connected_clients, /rosout] Client connected.  1 clients total.
2.245000000 INFO /rosbridge_websocket [autobahn_websocket.py:255(RosbridgeWebSocket.onClose)] [topics: /clock, /client_count, /connected_clients, /rosout] Client disconnected. 0 clients total.
2.306000000 INFO /rosbridge_websocket [autobahn_websocket.py:195(RosbridgeWebSocket.onOpen)] [topics: /clock, /client_count, /connected_clients, /rosout] Client connected.  1 clients total.
2.530000000 INFO /rosbridge_websocket [protocol.py:403(RosbridgeProtocol.log)] [topics: /map, /connected_clients, /clock, /client_count, /rosout] [Client 0] Subscribed to /map
2.538000000 INFO /rosbridge_websocket [protocol.py:403(RosbridgeProtocol.log)] [topics: /map, /connected_clients, /clock, /client_count, /rosout] [Client 1] Subscribed to /map
2.672000000 INFO /rosbridge_websocket [protocol.py:403(RosbridgeProtocol.log)] [topics: /move_base/status, /map, /move_base/goal, /client_count, /move_base/cancel, /connected_clients, /clock, /rosout] [Client 1] Subscribed to /move_base/status
2.699000000 INFO /rosbridge_websocket [protocol.py:403(RosbridgeProtocol.log)] [topics: /move_base/status, /map, /move_base/goal, /move_base/feedback, /client_count, /move_base/cancel, /connected_clients, /clock, /rosout] [Client 1] Subscribed to /move_base/feedback
2.711000000 INFO /rosbridge_websocket [protocol.py:403(RosbridgeProtocol.log)] [topics: /move_base/status, /map, /move_base/goal, /move_base/feedback, /client_count, /move_base/cancel, /connected_clients, /clock, /move_base/result, /rosout] [Client 1] Subscribed to /move_base/result
2.725000000 INFO /rosbridge_websocket [protocol.py:403(RosbridgeProtocol.log)] [topics: /move_base/status, /map, /move_base/goal, /move_base/feedback, /client_count, /robot_pose, /move_base/cancel, /connected_clients, /clock, /move_base/result, /rosout] [Client 1] Subscribed to /robot_pose
2.793000000 INFO /rosbridge_websocket [protocol.py:403(RosbridgeProtocol.log)] [topics: /move_base/status, /tf2_web_republisher/cancel, /map, /tf2_web_republisher/goal, /move_base/goal, /move_base/feedback, /client_count, /robot_pose, /tf2_web_republisher/feedback, /move_base/cancel, /connected_clients, /clock, /move_base/result, /rosout] [Client 1] Subscribed to /tf2_web_republisher/feedback
0.000000000 INFO /map_saver [/tmp/binarydeb/ros-noetic-map-server-1.17.3/src/map_saver.cpp:57(mapCallback)] [topics: /rosout] Received a 384 X 384 map @ 0.050 m/pix
0.000000000 INFO /map_saver [/tmp/binarydeb/ros-noetic-map-server-1.17.3/src/map_saver.cpp:64(mapCallback)] [topics: /rosout] Writing map occupancy data to /root/map.pgm
16.993000000 INFO /map_saver [/tmp/binarydeb/ros-noetic-map-server-1.17.3/src/map_saver.cpp:91(mapCallback)] [topics: /rosout] Writing map occupancy data to /root/map.yaml
16.995000000 INFO /map_saver [/tmp/binarydeb/ros-noetic-map-server-1.17.3/src/map_saver.cpp:120(mapCallback)] [topics: /rosout] Done

0.000000000 INFO /map_saver [/tmp/binarydeb/ros-noetic-map-server-1.17.3/src/map_saver.cpp:57(mapCallback)] [topics: /rosout] Received a 384 X 384 map @ 0.050 m/pix
0.000000000 INFO /map_saver [/tmp/binarydeb/ros-noetic-map-server-1.17.3/src/map_saver.cpp:64(mapCallback)] [topics: /rosout] Writing map occupancy data to /root/map.pgm
18.476000000 INFO /map_saver [/tmp/binarydeb/ros-noetic-map-server-1.17.3/src/map_saver.cpp:91(mapCallback)] [topics: /rosout] Writing map occupancy data to /root/map.yaml
18.476000000 INFO /map_saver [/tmp/binarydeb/ros-noetic-map-server-1.17.3/src/map_saver.cpp:120(mapCallback)] [topics: /rosout] Done

