[rospy.client][INFO] 2023-06-29 19:33:27,005: init_node, name[/spawn_urdf], pid[169]
[xmlrpc][INFO] 2023-06-29 19:33:27,019: XML-RPC server binding to 0.0.0.0:0
[xmlrpc][INFO] 2023-06-29 19:33:27,019: Started XML-RPC server [http://1befdf600173:33359/]
[rospy.impl.masterslave][INFO] 2023-06-29 19:33:27,020: _ready: http://1befdf600173:33359/
[rospy.init][INFO] 2023-06-29 19:33:27,020: ROS Slave URI: [http://1befdf600173:33359/]
[xmlrpc][INFO] 2023-06-29 19:33:27,044: xml rpc node: starting XML-RPC server
[rospy.registration][INFO] 2023-06-29 19:33:27,045: Registering with master node http://localhost:11311
[rospy.init][INFO] 2023-06-29 19:33:27,122: registered with master
[rospy.rosout][INFO] 2023-06-29 19:33:27,123: initializing /rosout core topic
[rospy.rosout][INFO] 2023-06-29 19:33:27,136: connected to core topic /rosout
[rospy.simtime][INFO] 2023-06-29 19:33:27,138: initializing /clock core topic
[rospy.simtime][INFO] 2023-06-29 19:33:27,146: connected to core topic /clock
[rosout][INFO] 2023-06-29 19:33:27,151: Loading model XML from ros parameter robot_description
[rosout][INFO] 2023-06-29 19:33:27,159: Waiting for service /gazebo/spawn_urdf_model
[rospy.internal][INFO] 2023-06-29 19:33:27,355: topic[/rosout] adding connection to [/rosout], count 0
[rosout][INFO] 2023-06-29 19:33:29,061: Calling service /gazebo/spawn_urdf_model
[rospy.internal][INFO] 2023-06-29 19:33:29,368: topic[/clock] adding connection to [http://1befdf600173:40613/], count 0
[rosout][INFO] 2023-06-29 19:33:29,689: Spawn status: SpawnModel: Successfully spawned entity
[rospy.core][INFO] 2023-06-29 19:33:29,701: signal_shutdown [atexit]
[rospy.internal][INFO] 2023-06-29 19:33:29,705: topic[/rosout] removing connection to /rosout
[rospy.internal][INFO] 2023-06-29 19:33:29,706: topic[/clock] removing connection to http://1befdf600173:40613/
[rospy.impl.masterslave][INFO] 2023-06-29 19:33:29,711: atexit
